[WARN ][2017-07-17 15:44:44]|{sortname=唐宋文学, createtime=2017-06-12 22:00:29.0, description=宋代诗词收藏, sid=1}
[WARN ][2017-07-17 15:44:44]|{sortname=电风扇, createtime=2017-06-20 11:14:37.0, description=梵蒂冈电饭锅, sid=2}
[WARN ][2017-07-17 15:44:44]|{sortname=Spring, createtime=2017-06-20 11:15:07.0, description=是大厦, sid=3}
[WARN ][2017-07-17 15:44:44]|{sortname=SpringMVC, createtime=2017-06-20 11:15:17.0, description=啊发放时, sid=4}
[WARN ][2017-07-17 15:44:44]|{sortname=MyBatis, createtime=2017-06-20 11:15:20.0, description=啊撒大声地, sid=5}
[WARN ][2017-07-17 15:44:44]|{sortname=jQuery, createtime=2017-06-20 11:15:23.0, description=富商大贾, sid=6}
[WARN ][2017-07-17 15:44:44]|{sortname=JDBC, createtime=2017-06-20 11:15:24.0, description=撒的公共, sid=7}
[WARN ][2017-07-17 15:44:44]|{sortname=Oracle数据库, createtime=2017-06-20 11:15:27.0, description=人阿什顿就换个, sid=8}
[INFO ][2017-07-17 15:45:27]|MLog clients using log4j logging.
[INFO ][2017-07-17 15:45:28]|Initializing c3p0-0.9.1.2 [built 21-May-2007 15:04:56; debug? true; trace: 10]
[INFO ][2017-07-17 15:45:29]|Initializing c3p0 pool... com.mchange.v2.c3p0.ComboPooledDataSource [ acquireIncrement -> 3, acquireRetryAttempts -> 30, acquireRetryDelay -> 1000, autoCommitOnClose -> false, automaticTestTable -> null, breakAfterAcquireFailure -> false, checkoutTimeout -> 0, connectionCustomizerClassName -> null, connectionTesterClassName -> com.mchange.v2.c3p0.impl.DefaultConnectionTester, dataSourceName -> 1hgek8x9pm26zr3a92cgy|55b699ef, debugUnreturnedConnectionStackTraces -> false, description -> null, driverClass -> com.mysql.jdbc.Driver, factoryClassLocation -> null, forceIgnoreUnresolvedTransactions -> false, identityToken -> 1hgek8x9pm26zr3a92cgy|55b699ef, idleConnectionTestPeriod -> 0, initialPoolSize -> 3, jdbcUrl -> jdbc:mysql://localhost:3306/iblog?useUnicode=true&characterEncoding=UTF-8, maxAdministrativeTaskTime -> 0, maxConnectionAge -> 0, maxIdleTime -> 0, maxIdleTimeExcessConnections -> 0, maxPoolSize -> 30, maxStatements -> 0, maxStatementsPerConnection -> 0, minPoolSize -> 3, numHelperThreads -> 3, numThreadsAwaitingCheckoutDefaultUser -> 0, preferredTestQuery -> null, properties -> {user=******, password=******}, propertyCycle -> 0, testConnectionOnCheckin -> false, testConnectionOnCheckout -> false, unreturnedConnectionTimeout -> 0, usesTraditionalReflectiveProxies -> false ]
[WARN ][2017-07-17 15:45:29]|{sortname=唐宋文学, createtime=2017-06-12 22:00:29.0, description=宋代诗词收藏, sid=1}
[WARN ][2017-07-17 15:45:29]|{sortname=电风扇, createtime=2017-06-20 11:14:37.0, description=梵蒂冈电饭锅, sid=2}
[WARN ][2017-07-17 15:45:29]|{sortname=Spring, createtime=2017-06-20 11:15:07.0, description=是大厦, sid=3}
[WARN ][2017-07-17 15:45:29]|{sortname=SpringMVC, createtime=2017-06-20 11:15:17.0, description=啊发放时, sid=4}
[WARN ][2017-07-17 15:45:29]|{sortname=MyBatis, createtime=2017-06-20 11:15:20.0, description=啊撒大声地, sid=5}
[WARN ][2017-07-17 15:45:29]|{sortname=jQuery, createtime=2017-06-20 11:15:23.0, description=富商大贾, sid=6}
[WARN ][2017-07-17 15:45:29]|{sortname=JDBC, createtime=2017-06-20 11:15:24.0, description=撒的公共, sid=7}
[WARN ][2017-07-17 15:45:29]|{sortname=Oracle数据库, createtime=2017-06-20 11:15:27.0, description=人阿什顿就换个, sid=8}
[BANIT][2017-07-17 15:45:29]|豆腐干韦尔奇个！
[DEBUG][2017-07-17 15:49:34]|Identified candidate component class: file [F:\workspace\iblog\target\classes\cn\acyou\iblog\dao\ActiveCodeDao.class]
[DEBUG][2017-07-17 15:49:34]|Identified candidate component class: file [F:\workspace\iblog\target\classes\cn\acyou\iblog\dao\AttachmentDao.class]
[DEBUG][2017-07-17 15:49:34]|Identified candidate component class: file [F:\workspace\iblog\target\classes\cn\acyou\iblog\dao\SortDao.class]
[DEBUG][2017-07-17 15:49:34]|Identified candidate component class: file [F:\workspace\iblog\target\classes\cn\acyou\iblog\dao\UserDao.class]
[DEBUG][2017-07-17 15:49:34]|Creating MapperFactoryBean with name 'activeCodeDao' and 'cn.acyou.iblog.dao.ActiveCodeDao' mapperInterface
[DEBUG][2017-07-17 15:49:34]|Enabling autowire by type for MapperFactoryBean with name 'activeCodeDao'.
[DEBUG][2017-07-17 15:49:34]|Creating MapperFactoryBean with name 'attachmentDao' and 'cn.acyou.iblog.dao.AttachmentDao' mapperInterface
[DEBUG][2017-07-17 15:49:34]|Enabling autowire by type for MapperFactoryBean with name 'attachmentDao'.
[DEBUG][2017-07-17 15:49:34]|Creating MapperFactoryBean with name 'sortDao' and 'cn.acyou.iblog.dao.SortDao' mapperInterface
[DEBUG][2017-07-17 15:49:34]|Enabling autowire by type for MapperFactoryBean with name 'sortDao'.
[DEBUG][2017-07-17 15:49:34]|Creating MapperFactoryBean with name 'userDao' and 'cn.acyou.iblog.dao.UserDao' mapperInterface
[DEBUG][2017-07-17 15:49:34]|Enabling autowire by type for MapperFactoryBean with name 'userDao'.
[DEBUG][2017-07-17 15:49:34]|Logging initialized using 'class org.apache.ibatis.logging.commons.JakartaCommonsLoggingImpl' adapter.
[INFO ][2017-07-17 15:49:34]|MLog clients using log4j logging.
[INFO ][2017-07-17 15:49:35]|Initializing c3p0-0.9.1.2 [built 21-May-2007 15:04:56; debug? true; trace: 10]
[DEBUG][2017-07-17 15:49:35]|MBean: com.mchange.v2.c3p0:type=PooledDataSource[1hgek8x9pm2ca3s1tagw0|55b699ef] registered.
[DEBUG][2017-07-17 15:49:35]|Property 'configLocation' not specified, using default MyBatis Configuration
[DEBUG][2017-07-17 15:49:35]|Parsed mapper file: 'file [F:\workspace\iblog\target\classes\mapper\ActiceCodeMapper.xml]'
[DEBUG][2017-07-17 15:49:35]|Parsed mapper file: 'file [F:\workspace\iblog\target\classes\mapper\AttachmentMapper.xml]'
[DEBUG][2017-07-17 15:49:35]|Parsed mapper file: 'file [F:\workspace\iblog\target\classes\mapper\SortMapper.xml]'
[DEBUG][2017-07-17 15:49:35]|Parsed mapper file: 'file [F:\workspace\iblog\target\classes\mapper\UserMapper.xml]'
[DEBUG][2017-07-17 15:49:36]|Creating a new SqlSession
[DEBUG][2017-07-17 15:49:36]|SqlSession [org.apache.ibatis.session.defaults.DefaultSqlSession@6bc407fd] was not registered for synchronization because synchronization is not active
[DEBUG][2017-07-17 15:49:36]|incremented pending_acquires: 1
[DEBUG][2017-07-17 15:49:36]|incremented pending_acquires: 2
[DEBUG][2017-07-17 15:49:36]|incremented pending_acquires: 3
[DEBUG][2017-07-17 15:49:36]|com.mchange.v2.resourcepool.BasicResourcePool@6cce16f4 config: [start -> 3; min -> 3; max -> 30; inc -> 3; num_acq_attempts -> 30; acq_attempt_delay -> 1000; check_idle_resources_delay -> 0; mox_resource_age -> 0; max_idle_time -> 0; excess_max_idle_time -> 0; destroy_unreturned_resc_time -> 0; expiration_enforcement_delay -> 0; break_on_acquisition_failure -> false; debug_store_checkout_exceptions -> false]
[INFO ][2017-07-17 15:49:36]|Initializing c3p0 pool... com.mchange.v2.c3p0.ComboPooledDataSource [ acquireIncrement -> 3, acquireRetryAttempts -> 30, acquireRetryDelay -> 1000, autoCommitOnClose -> false, automaticTestTable -> null, breakAfterAcquireFailure -> false, checkoutTimeout -> 0, connectionCustomizerClassName -> null, connectionTesterClassName -> com.mchange.v2.c3p0.impl.DefaultConnectionTester, dataSourceName -> 1hgek8x9pm2ca3s1tagw0|55b699ef, debugUnreturnedConnectionStackTraces -> false, description -> null, driverClass -> com.mysql.jdbc.Driver, factoryClassLocation -> null, forceIgnoreUnresolvedTransactions -> false, identityToken -> 1hgek8x9pm2ca3s1tagw0|55b699ef, idleConnectionTestPeriod -> 0, initialPoolSize -> 3, jdbcUrl -> jdbc:mysql://localhost:3306/iblog?useUnicode=true&characterEncoding=UTF-8, maxAdministrativeTaskTime -> 0, maxConnectionAge -> 0, maxIdleTime -> 0, maxIdleTimeExcessConnections -> 0, maxPoolSize -> 30, maxStatements -> 0, maxStatementsPerConnection -> 0, minPoolSize -> 3, numHelperThreads -> 3, numThreadsAwaitingCheckoutDefaultUser -> 0, preferredTestQuery -> null, properties -> {user=******, password=******}, propertyCycle -> 0, testConnectionOnCheckin -> false, testConnectionOnCheckout -> false, unreturnedConnectionTimeout -> 0, usesTraditionalReflectiveProxies -> false ]
[DEBUG][2017-07-17 15:49:36]|acquire test -- pool size: 0; target_pool_size: 3; desired target? 1
[DEBUG][2017-07-17 15:49:36]|awaitAvailable(): [unknown]
[DEBUG][2017-07-17 15:49:36]|trace com.mchange.v2.resourcepool.BasicResourcePool@6cce16f4 [managed: 0, unused: 0, excluded: 0]
[DEBUG][2017-07-17 15:49:36]|com.mchange.v2.c3p0.impl.C3P0PooledConnectionPool$1PooledConnectionResourcePoolManager@5f55e496.acquireResource() returning. 
[DEBUG][2017-07-17 15:49:36]|com.mchange.v2.c3p0.impl.C3P0PooledConnectionPool$1PooledConnectionResourcePoolManager@5f55e496.acquireResource() returning. 
[DEBUG][2017-07-17 15:49:36]|com.mchange.v2.c3p0.impl.C3P0PooledConnectionPool$1PooledConnectionResourcePoolManager@5f55e496.acquireResource() returning. 
[DEBUG][2017-07-17 15:49:36]|trace com.mchange.v2.resourcepool.BasicResourcePool@6cce16f4 [managed: 1, unused: 1, excluded: 0]
[DEBUG][2017-07-17 15:49:36]|trace com.mchange.v2.resourcepool.BasicResourcePool@6cce16f4 [managed: 2, unused: 1, excluded: 0] (e.g. com.mchange.v2.c3p0.impl.NewPooledConnection@5e2b9ee8)
[DEBUG][2017-07-17 15:49:36]|trace com.mchange.v2.resourcepool.BasicResourcePool@6cce16f4 [managed: 3, unused: 2, excluded: 0] (e.g. com.mchange.v2.c3p0.impl.NewPooledConnection@5e2b9ee8)
[DEBUG][2017-07-17 15:49:36]|decremented pending_acquires: 2
[DEBUG][2017-07-17 15:49:36]|trace com.mchange.v2.resourcepool.BasicResourcePool@6cce16f4 [managed: 3, unused: 2, excluded: 0] (e.g. com.mchange.v2.c3p0.impl.NewPooledConnection@5e2b9ee8)
[DEBUG][2017-07-17 15:49:36]|decremented pending_acquires: 1
[DEBUG][2017-07-17 15:49:36]|decremented pending_acquires: 0
[DEBUG][2017-07-17 15:49:36]|JDBC Connection [com.mchange.v2.c3p0.impl.NewProxyConnection@ca30bc1] will not be managed by Spring
[DEBUG][2017-07-17 15:49:36]|==>  Preparing: SELECT sid,sortname,description,createtime FROM ib_sort WHERE uid=? 
[DEBUG][2017-07-17 15:49:36]|==> Parameters: 1(String)
[DEBUG][2017-07-17 15:49:36]|<==      Total: 8
[DEBUG][2017-07-17 15:49:36]|Closing non transactional SqlSession [org.apache.ibatis.session.defaults.DefaultSqlSession@6bc407fd]
[DEBUG][2017-07-17 15:49:36]|trace com.mchange.v2.resourcepool.BasicResourcePool@6cce16f4 [managed: 3, unused: 2, excluded: 0] (e.g. com.mchange.v2.c3p0.impl.NewPooledConnection@5e2b9ee8)
[WARN ][2017-07-17 15:49:36]|{sortname=唐宋文学, createtime=2017-06-12 22:00:29.0, description=宋代诗词收藏, sid=1}
[WARN ][2017-07-17 15:49:36]|{sortname=电风扇, createtime=2017-06-20 11:14:37.0, description=梵蒂冈电饭锅, sid=2}
[WARN ][2017-07-17 15:49:36]|{sortname=Spring, createtime=2017-06-20 11:15:07.0, description=是大厦, sid=3}
[WARN ][2017-07-17 15:49:36]|{sortname=SpringMVC, createtime=2017-06-20 11:15:17.0, description=啊发放时, sid=4}
[WARN ][2017-07-17 15:49:36]|{sortname=MyBatis, createtime=2017-06-20 11:15:20.0, description=啊撒大声地, sid=5}
[WARN ][2017-07-17 15:49:36]|{sortname=jQuery, createtime=2017-06-20 11:15:23.0, description=富商大贾, sid=6}
[WARN ][2017-07-17 15:49:36]|{sortname=JDBC, createtime=2017-06-20 11:15:24.0, description=撒的公共, sid=7}
[WARN ][2017-07-17 15:49:36]|{sortname=Oracle数据库, createtime=2017-06-20 11:15:27.0, description=人阿什顿就换个, sid=8}
[BANIT][2017-07-17 15:49:36]|豆腐干韦尔奇个！
[DEBUG][2017-07-17 15:49:36]|Thread[com.mchange.v2.async.ThreadPoolAsynchronousRunner$PoolThread-#2,5,main] interrupted. Shutting down.
[DEBUG][2017-07-17 15:49:36]|Thread[com.mchange.v2.async.ThreadPoolAsynchronousRunner$PoolThread-#0,5,main] interrupted. Shutting down.
[DEBUG][2017-07-17 15:49:36]|Thread[com.mchange.v2.async.ThreadPoolAsynchronousRunner$PoolThread-#1,5,main] interrupted. Shutting down.
[DEBUG][2017-07-17 15:49:36]|MBean: com.mchange.v2.c3p0:type=PooledDataSource[1hgek8x9pm2ca3s1tagw0|55b699ef] unregistered.
[DEBUG][2017-07-17 15:49:36]|C3P0Registry mbean unregistered.
[DEBUG][2017-07-17 15:49:36]|Preparing to destroy resource: com.mchange.v2.c3p0.impl.NewPooledConnection@5e2b9ee8
[DEBUG][2017-07-17 15:49:36]|Preparing to destroy PooledConnection: com.mchange.v2.c3p0.impl.NewPooledConnection@5e2b9ee8
[DEBUG][2017-07-17 15:49:36]|com.mchange.v2.c3p0.ComboPooledDataSource@55b699ef has been closed. 
java.lang.Exception: DEBUG STACK TRACE for PoolBackedDataSource.close().
	at com.mchange.v2.c3p0.impl.AbstractPoolBackedDataSource.close(AbstractPoolBackedDataSource.java:417)
	at sun.reflect.NativeMethodAccessorImpl.invoke0(Native Method)
	at sun.reflect.NativeMethodAccessorImpl.invoke(NativeMethodAccessorImpl.java:62)
	at sun.reflect.DelegatingMethodAccessorImpl.invoke(DelegatingMethodAccessorImpl.java:43)
	at java.lang.reflect.Method.invoke(Method.java:497)
	at org.springframework.beans.factory.support.DisposableBeanAdapter.invokeCustomDestroyMethod(DisposableBeanAdapter.java:327)
	at org.springframework.beans.factory.support.DisposableBeanAdapter.destroy(DisposableBeanAdapter.java:253)
	at org.springframework.beans.factory.support.DefaultSingletonBeanRegistry.destroyBean(DefaultSingletonBeanRegistry.java:510)
	at org.springframework.beans.factory.support.DefaultSingletonBeanRegistry.destroySingleton(DefaultSingletonBeanRegistry.java:486)
	at org.springframework.beans.factory.support.DefaultListableBeanFactory.destroySingleton(DefaultListableBeanFactory.java:742)
	at org.springframework.beans.factory.support.DefaultSingletonBeanRegistry.destroySingletons(DefaultSingletonBeanRegistry.java:455)
	at org.springframework.context.support.AbstractApplicationContext.destroyBeans(AbstractApplicationContext.java:1090)
	at org.springframework.context.support.AbstractApplicationContext.doClose(AbstractApplicationContext.java:1064)
	at org.springframework.context.support.AbstractApplicationContext.close(AbstractApplicationContext.java:1010)
	at cn.acyou.iblog.test.BaseTest.destroy(BaseTest.java:24)
	at sun.reflect.NativeMethodAccessorImpl.invoke0(Native Method)
	at sun.reflect.NativeMethodAccessorImpl.invoke(NativeMethodAccessorImpl.java:62)
	at sun.reflect.DelegatingMethodAccessorImpl.invoke(DelegatingMethodAccessorImpl.java:43)
	at java.lang.reflect.Method.invoke(Method.java:497)
	at org.junit.runners.model.FrameworkMethod$1.runReflectiveCall(FrameworkMethod.java:50)
	at org.junit.internal.runners.model.ReflectiveCallable.run(ReflectiveCallable.java:12)
	at org.junit.runners.model.FrameworkMethod.invokeExplosively(FrameworkMethod.java:47)
	at org.junit.internal.runners.statements.RunAfters.evaluate(RunAfters.java:33)
	at org.junit.runners.ParentRunner.runLeaf(ParentRunner.java:325)
	at org.junit.runners.BlockJUnit4ClassRunner.runChild(BlockJUnit4ClassRunner.java:78)
	at org.junit.runners.BlockJUnit4ClassRunner.runChild(BlockJUnit4ClassRunner.java:57)
	at org.junit.runners.ParentRunner$3.run(ParentRunner.java:290)
	at org.junit.runners.ParentRunner$1.schedule(ParentRunner.java:71)
	at org.junit.runners.ParentRunner.runChildren(ParentRunner.java:288)
	at org.junit.runners.ParentRunner.access$000(ParentRunner.java:58)
	at org.junit.runners.ParentRunner$2.evaluate(ParentRunner.java:268)
	at org.junit.runners.ParentRunner.run(ParentRunner.java:363)
	at org.eclipse.jdt.internal.junit4.runner.JUnit4TestReference.run(JUnit4TestReference.java:86)
	at org.eclipse.jdt.internal.junit.runner.TestExecution.run(TestExecution.java:38)
	at org.eclipse.jdt.internal.junit.runner.RemoteTestRunner.runTests(RemoteTestRunner.java:459)
	at org.eclipse.jdt.internal.junit.runner.RemoteTestRunner.runTests(RemoteTestRunner.java:675)
	at org.eclipse.jdt.internal.junit.runner.RemoteTestRunner.run(RemoteTestRunner.java:382)
	at org.eclipse.jdt.internal.junit.runner.RemoteTestRunner.main(RemoteTestRunner.java:192)
[DEBUG][2017-07-17 15:49:36]|com.mchange.v2.c3p0.impl.NewPooledConnection@5e2b9ee8 closed by a client.
java.lang.Exception: DEBUG -- CLOSE BY CLIENT STACK TRACE
	at com.mchange.v2.c3p0.impl.NewPooledConnection.close(NewPooledConnection.java:566)
	at com.mchange.v2.c3p0.impl.NewPooledConnection.close(NewPooledConnection.java:234)
	at com.mchange.v2.c3p0.impl.C3P0PooledConnectionPool$1PooledConnectionResourcePoolManager.destroyResource(C3P0PooledConnectionPool.java:470)
	at com.mchange.v2.resourcepool.BasicResourcePool$1DestroyResourceTask.run(BasicResourcePool.java:964)
	at com.mchange.v2.resourcepool.BasicResourcePool.destroyResource(BasicResourcePool.java:989)
	at com.mchange.v2.resourcepool.BasicResourcePool.access$100(BasicResourcePool.java:32)
	at com.mchange.v2.resourcepool.BasicResourcePool$5.run(BasicResourcePool.java:1174)
[DEBUG][2017-07-17 15:49:36]|Successfully destroyed PooledConnection: com.mchange.v2.c3p0.impl.NewPooledConnection@5e2b9ee8
[DEBUG][2017-07-17 15:49:36]|Successfully destroyed resource: com.mchange.v2.c3p0.impl.NewPooledConnection@5e2b9ee8
[DEBUG][2017-07-17 15:49:36]|Preparing to destroy resource: com.mchange.v2.c3p0.impl.NewPooledConnection@3ded73ee
[DEBUG][2017-07-17 15:49:36]|Preparing to destroy PooledConnection: com.mchange.v2.c3p0.impl.NewPooledConnection@3ded73ee
[DEBUG][2017-07-17 15:49:36]|com.mchange.v2.c3p0.impl.NewPooledConnection@3ded73ee closed by a client.
java.lang.Exception: DEBUG -- CLOSE BY CLIENT STACK TRACE
	at com.mchange.v2.c3p0.impl.NewPooledConnection.close(NewPooledConnection.java:566)
	at com.mchange.v2.c3p0.impl.NewPooledConnection.close(NewPooledConnection.java:234)
	at com.mchange.v2.c3p0.impl.C3P0PooledConnectionPool$1PooledConnectionResourcePoolManager.destroyResource(C3P0PooledConnectionPool.java:470)
	at com.mchange.v2.resourcepool.BasicResourcePool$1DestroyResourceTask.run(BasicResourcePool.java:964)
	at com.mchange.v2.resourcepool.BasicResourcePool.destroyResource(BasicResourcePool.java:989)
	at com.mchange.v2.resourcepool.BasicResourcePool.access$100(BasicResourcePool.java:32)
	at com.mchange.v2.resourcepool.BasicResourcePool$5.run(BasicResourcePool.java:1174)
[DEBUG][2017-07-17 15:49:36]|Successfully destroyed PooledConnection: com.mchange.v2.c3p0.impl.NewPooledConnection@3ded73ee
[DEBUG][2017-07-17 15:49:36]|Successfully destroyed resource: com.mchange.v2.c3p0.impl.NewPooledConnection@3ded73ee
[DEBUG][2017-07-17 15:49:36]|Preparing to destroy resource: com.mchange.v2.c3p0.impl.NewPooledConnection@60bceb51
[DEBUG][2017-07-17 15:49:36]|Preparing to destroy PooledConnection: com.mchange.v2.c3p0.impl.NewPooledConnection@60bceb51
[DEBUG][2017-07-17 15:49:36]|com.mchange.v2.c3p0.impl.NewPooledConnection@60bceb51 closed by a client.
java.lang.Exception: DEBUG -- CLOSE BY CLIENT STACK TRACE
	at com.mchange.v2.c3p0.impl.NewPooledConnection.close(NewPooledConnection.java:566)
	at com.mchange.v2.c3p0.impl.NewPooledConnection.close(NewPooledConnection.java:234)
	at com.mchange.v2.c3p0.impl.C3P0PooledConnectionPool$1PooledConnectionResourcePoolManager.destroyResource(C3P0PooledConnectionPool.java:470)
	at com.mchange.v2.resourcepool.BasicResourcePool$1DestroyResourceTask.run(BasicResourcePool.java:964)
	at com.mchange.v2.resourcepool.BasicResourcePool.destroyResource(BasicResourcePool.java:989)
	at com.mchange.v2.resourcepool.BasicResourcePool.access$100(BasicResourcePool.java:32)
	at com.mchange.v2.resourcepool.BasicResourcePool$5.run(BasicResourcePool.java:1174)
[DEBUG][2017-07-17 15:49:36]|Successfully destroyed PooledConnection: com.mchange.v2.c3p0.impl.NewPooledConnection@60bceb51
[DEBUG][2017-07-17 15:49:36]|Successfully destroyed resource: com.mchange.v2.c3p0.impl.NewPooledConnection@60bceb51
[DEBUG][2017-07-17 15:51:33]|Identified candidate component class: file [F:\workspace\iblog\target\classes\cn\acyou\iblog\dao\ActiveCodeDao.class]
[DEBUG][2017-07-17 15:51:33]|Identified candidate component class: file [F:\workspace\iblog\target\classes\cn\acyou\iblog\dao\AttachmentDao.class]
[DEBUG][2017-07-17 15:51:33]|Identified candidate component class: file [F:\workspace\iblog\target\classes\cn\acyou\iblog\dao\SortDao.class]
[DEBUG][2017-07-17 15:51:33]|Identified candidate component class: file [F:\workspace\iblog\target\classes\cn\acyou\iblog\dao\UserDao.class]
[DEBUG][2017-07-17 15:51:33]|Creating MapperFactoryBean with name 'activeCodeDao' and 'cn.acyou.iblog.dao.ActiveCodeDao' mapperInterface
[DEBUG][2017-07-17 15:51:33]|Enabling autowire by type for MapperFactoryBean with name 'activeCodeDao'.
[DEBUG][2017-07-17 15:51:33]|Creating MapperFactoryBean with name 'attachmentDao' and 'cn.acyou.iblog.dao.AttachmentDao' mapperInterface
[DEBUG][2017-07-17 15:51:33]|Enabling autowire by type for MapperFactoryBean with name 'attachmentDao'.
[DEBUG][2017-07-17 15:51:33]|Creating MapperFactoryBean with name 'sortDao' and 'cn.acyou.iblog.dao.SortDao' mapperInterface
[DEBUG][2017-07-17 15:51:33]|Enabling autowire by type for MapperFactoryBean with name 'sortDao'.
[DEBUG][2017-07-17 15:51:33]|Creating MapperFactoryBean with name 'userDao' and 'cn.acyou.iblog.dao.UserDao' mapperInterface
[DEBUG][2017-07-17 15:51:33]|Enabling autowire by type for MapperFactoryBean with name 'userDao'.
[DEBUG][2017-07-17 15:51:33]|Logging initialized using 'class org.apache.ibatis.logging.commons.JakartaCommonsLoggingImpl' adapter.
[INFO ][2017-07-17 15:51:33]|MLog clients using log4j logging.
[INFO ][2017-07-17 15:51:34]|Initializing c3p0-0.9.1.2 [built 21-May-2007 15:04:56; debug? true; trace: 10]
[DEBUG][2017-07-17 15:51:34]|MBean: com.mchange.v2.c3p0:type=PooledDataSource[1hgek8x9pm2euc713e9vp4|55b699ef] registered.
[DEBUG][2017-07-17 15:51:34]|Property 'configLocation' not specified, using default MyBatis Configuration
[DEBUG][2017-07-17 15:51:35]|Parsed mapper file: 'file [F:\workspace\iblog\target\classes\mapper\ActiceCodeMapper.xml]'
[DEBUG][2017-07-17 15:51:35]|Parsed mapper file: 'file [F:\workspace\iblog\target\classes\mapper\AttachmentMapper.xml]'
[DEBUG][2017-07-17 15:51:35]|Parsed mapper file: 'file [F:\workspace\iblog\target\classes\mapper\SortMapper.xml]'
[DEBUG][2017-07-17 15:51:35]|Parsed mapper file: 'file [F:\workspace\iblog\target\classes\mapper\UserMapper.xml]'
[DEBUG][2017-07-17 15:51:35]|Creating a new SqlSession
[DEBUG][2017-07-17 15:51:35]|SqlSession [org.apache.ibatis.session.defaults.DefaultSqlSession@6bc407fd] was not registered for synchronization because synchronization is not active
[DEBUG][2017-07-17 15:51:35]|incremented pending_acquires: 1
[DEBUG][2017-07-17 15:51:35]|incremented pending_acquires: 2
[DEBUG][2017-07-17 15:51:35]|incremented pending_acquires: 3
[DEBUG][2017-07-17 15:51:35]|com.mchange.v2.resourcepool.BasicResourcePool@6cce16f4 config: [start -> 3; min -> 3; max -> 30; inc -> 3; num_acq_attempts -> 30; acq_attempt_delay -> 1000; check_idle_resources_delay -> 0; mox_resource_age -> 0; max_idle_time -> 0; excess_max_idle_time -> 0; destroy_unreturned_resc_time -> 0; expiration_enforcement_delay -> 0; break_on_acquisition_failure -> false; debug_store_checkout_exceptions -> false]
[INFO ][2017-07-17 15:51:35]|Initializing c3p0 pool... com.mchange.v2.c3p0.ComboPooledDataSource [ acquireIncrement -> 3, acquireRetryAttempts -> 30, acquireRetryDelay -> 1000, autoCommitOnClose -> false, automaticTestTable -> null, breakAfterAcquireFailure -> false, checkoutTimeout -> 0, connectionCustomizerClassName -> null, connectionTesterClassName -> com.mchange.v2.c3p0.impl.DefaultConnectionTester, dataSourceName -> 1hgek8x9pm2euc713e9vp4|55b699ef, debugUnreturnedConnectionStackTraces -> false, description -> null, driverClass -> com.mysql.jdbc.Driver, factoryClassLocation -> null, forceIgnoreUnresolvedTransactions -> false, identityToken -> 1hgek8x9pm2euc713e9vp4|55b699ef, idleConnectionTestPeriod -> 0, initialPoolSize -> 3, jdbcUrl -> jdbc:mysql://localhost:3306/iblog?useUnicode=true&characterEncoding=UTF-8, maxAdministrativeTaskTime -> 0, maxConnectionAge -> 0, maxIdleTime -> 0, maxIdleTimeExcessConnections -> 0, maxPoolSize -> 30, maxStatements -> 0, maxStatementsPerConnection -> 0, minPoolSize -> 3, numHelperThreads -> 3, numThreadsAwaitingCheckoutDefaultUser -> 0, preferredTestQuery -> null, properties -> {user=******, password=******}, propertyCycle -> 0, testConnectionOnCheckin -> false, testConnectionOnCheckout -> false, unreturnedConnectionTimeout -> 0, usesTraditionalReflectiveProxies -> false ]
[DEBUG][2017-07-17 15:51:35]|acquire test -- pool size: 0; target_pool_size: 3; desired target? 1
[DEBUG][2017-07-17 15:51:35]|awaitAvailable(): [unknown]
[DEBUG][2017-07-17 15:51:35]|trace com.mchange.v2.resourcepool.BasicResourcePool@6cce16f4 [managed: 0, unused: 0, excluded: 0]
[DEBUG][2017-07-17 15:51:35]|com.mchange.v2.c3p0.impl.C3P0PooledConnectionPool$1PooledConnectionResourcePoolManager@4382b57a.acquireResource() returning. 
[DEBUG][2017-07-17 15:51:35]|com.mchange.v2.c3p0.impl.C3P0PooledConnectionPool$1PooledConnectionResourcePoolManager@4382b57a.acquireResource() returning. 
[DEBUG][2017-07-17 15:51:35]|trace com.mchange.v2.resourcepool.BasicResourcePool@6cce16f4 [managed: 1, unused: 1, excluded: 0]
[DEBUG][2017-07-17 15:51:35]|decremented pending_acquires: 2
[DEBUG][2017-07-17 15:51:35]|trace com.mchange.v2.resourcepool.BasicResourcePool@6cce16f4 [managed: 2, unused: 2, excluded: 0] (e.g. com.mchange.v2.c3p0.impl.NewPooledConnection@620f6020)
[DEBUG][2017-07-17 15:51:35]|decremented pending_acquires: 1
[DEBUG][2017-07-17 15:51:35]|trace com.mchange.v2.resourcepool.BasicResourcePool@6cce16f4 [managed: 2, unused: 1, excluded: 0] (e.g. com.mchange.v2.c3p0.impl.NewPooledConnection@620f6020)
[DEBUG][2017-07-17 15:51:35]|JDBC Connection [com.mchange.v2.c3p0.impl.NewProxyConnection@ca30bc1] will not be managed by Spring
[DEBUG][2017-07-17 15:51:35]|com.mchange.v2.c3p0.impl.C3P0PooledConnectionPool$1PooledConnectionResourcePoolManager@4382b57a.acquireResource() returning. 
[DEBUG][2017-07-17 15:51:35]|trace com.mchange.v2.resourcepool.BasicResourcePool@6cce16f4 [managed: 3, unused: 2, excluded: 0] (e.g. com.mchange.v2.c3p0.impl.NewPooledConnection@620f6020)
[DEBUG][2017-07-17 15:51:35]|decremented pending_acquires: 0
[DEBUG][2017-07-17 15:51:35]|==>  Preparing: SELECT sid,sortname,description,createtime FROM ib_sort WHERE uid=? 
[DEBUG][2017-07-17 15:51:36]|==> Parameters: 1(String)
[DEBUG][2017-07-17 15:51:36]|<==      Total: 8
[DEBUG][2017-07-17 15:51:36]|Closing non transactional SqlSession [org.apache.ibatis.session.defaults.DefaultSqlSession@6bc407fd]
[DEBUG][2017-07-17 15:51:36]|trace com.mchange.v2.resourcepool.BasicResourcePool@6cce16f4 [managed: 3, unused: 2, excluded: 0] (e.g. com.mchange.v2.c3p0.impl.NewPooledConnection@620f6020)
[DEBUG][2017-07-17 15:51:36]|com.mchange.v2.c3p0.impl.NewProxyConnection@ca30bc1: close() called more than once.
[WARN ][2017-07-17 15:51:36]|{sortname=唐宋文学, createtime=2017-06-12 22:00:29.0, description=宋代诗词收藏, sid=1}
[WARN ][2017-07-17 15:51:36]|{sortname=电风扇, createtime=2017-06-20 11:14:37.0, description=梵蒂冈电饭锅, sid=2}
[WARN ][2017-07-17 15:51:36]|{sortname=Spring, createtime=2017-06-20 11:15:07.0, description=是大厦, sid=3}
[WARN ][2017-07-17 15:51:36]|{sortname=SpringMVC, createtime=2017-06-20 11:15:17.0, description=啊发放时, sid=4}
[WARN ][2017-07-17 15:51:36]|{sortname=MyBatis, createtime=2017-06-20 11:15:20.0, description=啊撒大声地, sid=5}
[WARN ][2017-07-17 15:51:36]|{sortname=jQuery, createtime=2017-06-20 11:15:23.0, description=富商大贾, sid=6}
[WARN ][2017-07-17 15:51:36]|{sortname=JDBC, createtime=2017-06-20 11:15:24.0, description=撒的公共, sid=7}
[WARN ][2017-07-17 15:51:36]|{sortname=Oracle数据库, createtime=2017-06-20 11:15:27.0, description=人阿什顿就换个, sid=8}
[BANIT][2017-07-17 15:51:36]|豆腐干韦尔奇个！
[DEBUG][2017-07-17 15:51:36]|Thread[com.mchange.v2.async.ThreadPoolAsynchronousRunner$PoolThread-#2,5,main] interrupted. Shutting down.
[DEBUG][2017-07-17 15:51:36]|Thread[com.mchange.v2.async.ThreadPoolAsynchronousRunner$PoolThread-#1,5,main] interrupted. Shutting down.
[DEBUG][2017-07-17 15:51:36]|Thread[com.mchange.v2.async.ThreadPoolAsynchronousRunner$PoolThread-#0,5,main] interrupted. Shutting down.
[DEBUG][2017-07-17 15:51:36]|MBean: com.mchange.v2.c3p0:type=PooledDataSource[1hgek8x9pm2euc713e9vp4|55b699ef] unregistered.
[DEBUG][2017-07-17 15:51:36]|C3P0Registry mbean unregistered.
[DEBUG][2017-07-17 15:51:36]|Preparing to destroy resource: com.mchange.v2.c3p0.impl.NewPooledConnection@44cf76f6
[DEBUG][2017-07-17 15:51:36]|com.mchange.v2.c3p0.ComboPooledDataSource@55b699ef has been closed. 
java.lang.Exception: DEBUG STACK TRACE for PoolBackedDataSource.close().
	at com.mchange.v2.c3p0.impl.AbstractPoolBackedDataSource.close(AbstractPoolBackedDataSource.java:417)
	at sun.reflect.NativeMethodAccessorImpl.invoke0(Native Method)
	at sun.reflect.NativeMethodAccessorImpl.invoke(NativeMethodAccessorImpl.java:62)
	at sun.reflect.DelegatingMethodAccessorImpl.invoke(DelegatingMethodAccessorImpl.java:43)
	at java.lang.reflect.Method.invoke(Method.java:497)
	at org.springframework.beans.factory.support.DisposableBeanAdapter.invokeCustomDestroyMethod(DisposableBeanAdapter.java:327)
	at org.springframework.beans.factory.support.DisposableBeanAdapter.destroy(DisposableBeanAdapter.java:253)
	at org.springframework.beans.factory.support.DefaultSingletonBeanRegistry.destroyBean(DefaultSingletonBeanRegistry.java:510)
	at org.springframework.beans.factory.support.DefaultSingletonBeanRegistry.destroySingleton(DefaultSingletonBeanRegistry.java:486)
	at org.springframework.beans.factory.support.DefaultListableBeanFactory.destroySingleton(DefaultListableBeanFactory.java:742)
	at org.springframework.beans.factory.support.DefaultSingletonBeanRegistry.destroySingletons(DefaultSingletonBeanRegistry.java:455)
	at org.springframework.context.support.AbstractApplicationContext.destroyBeans(AbstractApplicationContext.java:1090)
	at org.springframework.context.support.AbstractApplicationContext.doClose(AbstractApplicationContext.java:1064)
	at org.springframework.context.support.AbstractApplicationContext.close(AbstractApplicationContext.java:1010)
	at cn.acyou.iblog.test.BaseTest.destroy(BaseTest.java:24)
	at sun.reflect.NativeMethodAccessorImpl.invoke0(Native Method)
	at sun.reflect.NativeMethodAccessorImpl.invoke(NativeMethodAccessorImpl.java:62)
	at sun.reflect.DelegatingMethodAccessorImpl.invoke(DelegatingMethodAccessorImpl.java:43)
	at java.lang.reflect.Method.invoke(Method.java:497)
	at org.junit.runners.model.FrameworkMethod$1.runReflectiveCall(FrameworkMethod.java:50)
	at org.junit.internal.runners.model.ReflectiveCallable.run(ReflectiveCallable.java:12)
	at org.junit.runners.model.FrameworkMethod.invokeExplosively(FrameworkMethod.java:47)
	at org.junit.internal.runners.statements.RunAfters.evaluate(RunAfters.java:33)
	at org.junit.runners.ParentRunner.runLeaf(ParentRunner.java:325)
	at org.junit.runners.BlockJUnit4ClassRunner.runChild(BlockJUnit4ClassRunner.java:78)
	at org.junit.runners.BlockJUnit4ClassRunner.runChild(BlockJUnit4ClassRunner.java:57)
	at org.junit.runners.ParentRunner$3.run(ParentRunner.java:290)
	at org.junit.runners.ParentRunner$1.schedule(ParentRunner.java:71)
	at org.junit.runners.ParentRunner.runChildren(ParentRunner.java:288)
	at org.junit.runners.ParentRunner.access$000(ParentRunner.java:58)
	at org.junit.runners.ParentRunner$2.evaluate(ParentRunner.java:268)
	at org.junit.runners.ParentRunner.run(ParentRunner.java:363)
	at org.eclipse.jdt.internal.junit4.runner.JUnit4TestReference.run(JUnit4TestReference.java:86)
	at org.eclipse.jdt.internal.junit.runner.TestExecution.run(TestExecution.java:38)
	at org.eclipse.jdt.internal.junit.runner.RemoteTestRunner.runTests(RemoteTestRunner.java:459)
	at org.eclipse.jdt.internal.junit.runner.RemoteTestRunner.runTests(RemoteTestRunner.java:675)
	at org.eclipse.jdt.internal.junit.runner.RemoteTestRunner.run(RemoteTestRunner.java:382)
	at org.eclipse.jdt.internal.junit.runner.RemoteTestRunner.main(RemoteTestRunner.java:192)
[DEBUG][2017-07-17 15:51:36]|Preparing to destroy PooledConnection: com.mchange.v2.c3p0.impl.NewPooledConnection@44cf76f6
[DEBUG][2017-07-17 15:51:36]|com.mchange.v2.c3p0.impl.NewPooledConnection@44cf76f6 closed by a client.
java.lang.Exception: DEBUG -- CLOSE BY CLIENT STACK TRACE
	at com.mchange.v2.c3p0.impl.NewPooledConnection.close(NewPooledConnection.java:566)
	at com.mchange.v2.c3p0.impl.NewPooledConnection.close(NewPooledConnection.java:234)
	at com.mchange.v2.c3p0.impl.C3P0PooledConnectionPool$1PooledConnectionResourcePoolManager.destroyResource(C3P0PooledConnectionPool.java:470)
	at com.mchange.v2.resourcepool.BasicResourcePool$1DestroyResourceTask.run(BasicResourcePool.java:964)
	at com.mchange.v2.resourcepool.BasicResourcePool.destroyResource(BasicResourcePool.java:989)
	at com.mchange.v2.resourcepool.BasicResourcePool.access$100(BasicResourcePool.java:32)
	at com.mchange.v2.resourcepool.BasicResourcePool$5.run(BasicResourcePool.java:1174)
[DEBUG][2017-07-17 15:51:36]|Successfully destroyed PooledConnection: com.mchange.v2.c3p0.impl.NewPooledConnection@44cf76f6
[DEBUG][2017-07-17 15:51:36]|Successfully destroyed resource: com.mchange.v2.c3p0.impl.NewPooledConnection@44cf76f6
[DEBUG][2017-07-17 15:51:36]|Preparing to destroy resource: com.mchange.v2.c3p0.impl.NewPooledConnection@620f6020
[DEBUG][2017-07-17 15:51:36]|Preparing to destroy PooledConnection: com.mchange.v2.c3p0.impl.NewPooledConnection@620f6020
[DEBUG][2017-07-17 15:51:36]|com.mchange.v2.c3p0.impl.NewPooledConnection@620f6020 closed by a client.
java.lang.Exception: DEBUG -- CLOSE BY CLIENT STACK TRACE
	at com.mchange.v2.c3p0.impl.NewPooledConnection.close(NewPooledConnection.java:566)
	at com.mchange.v2.c3p0.impl.NewPooledConnection.close(NewPooledConnection.java:234)
	at com.mchange.v2.c3p0.impl.C3P0PooledConnectionPool$1PooledConnectionResourcePoolManager.destroyResource(C3P0PooledConnectionPool.java:470)
	at com.mchange.v2.resourcepool.BasicResourcePool$1DestroyResourceTask.run(BasicResourcePool.java:964)
	at com.mchange.v2.resourcepool.BasicResourcePool.destroyResource(BasicResourcePool.java:989)
	at com.mchange.v2.resourcepool.BasicResourcePool.access$100(BasicResourcePool.java:32)
	at com.mchange.v2.resourcepool.BasicResourcePool$5.run(BasicResourcePool.java:1174)
[DEBUG][2017-07-17 15:51:36]|Successfully destroyed PooledConnection: com.mchange.v2.c3p0.impl.NewPooledConnection@620f6020
[DEBUG][2017-07-17 15:51:36]|Successfully destroyed resource: com.mchange.v2.c3p0.impl.NewPooledConnection@620f6020
[DEBUG][2017-07-17 15:51:36]|Preparing to destroy resource: com.mchange.v2.c3p0.impl.NewPooledConnection@73ab6064
[DEBUG][2017-07-17 15:51:36]|Preparing to destroy PooledConnection: com.mchange.v2.c3p0.impl.NewPooledConnection@73ab6064
[INFO ][2017-07-17 15:52:01]|MLog clients using log4j logging.
[INFO ][2017-07-17 15:52:02]|Initializing c3p0-0.9.1.2 [built 21-May-2007 15:04:56; debug? true; trace: 10]
[INFO ][2017-07-17 15:52:04]|Initializing c3p0 pool... com.mchange.v2.c3p0.ComboPooledDataSource [ acquireIncrement -> 3, acquireRetryAttempts -> 30, acquireRetryDelay -> 1000, autoCommitOnClose -> false, automaticTestTable -> null, breakAfterAcquireFailure -> false, checkoutTimeout -> 0, connectionCustomizerClassName -> null, connectionTesterClassName -> com.mchange.v2.c3p0.impl.DefaultConnectionTester, dataSourceName -> 1hgek8x9pm2fg19cnt20r|55b699ef, debugUnreturnedConnectionStackTraces -> false, description -> null, driverClass -> com.mysql.jdbc.Driver, factoryClassLocation -> null, forceIgnoreUnresolvedTransactions -> false, identityToken -> 1hgek8x9pm2fg19cnt20r|55b699ef, idleConnectionTestPeriod -> 0, initialPoolSize -> 3, jdbcUrl -> jdbc:mysql://localhost:3306/iblog?useUnicode=true&characterEncoding=UTF-8, maxAdministrativeTaskTime -> 0, maxConnectionAge -> 0, maxIdleTime -> 0, maxIdleTimeExcessConnections -> 0, maxPoolSize -> 30, maxStatements -> 0, maxStatementsPerConnection -> 0, minPoolSize -> 3, numHelperThreads -> 3, numThreadsAwaitingCheckoutDefaultUser -> 0, preferredTestQuery -> null, properties -> {user=******, password=******}, propertyCycle -> 0, testConnectionOnCheckin -> false, testConnectionOnCheckout -> false, unreturnedConnectionTimeout -> 0, usesTraditionalReflectiveProxies -> false ]
[WARN ][2017-07-17 15:52:04]|{sortname=唐宋文学, createtime=2017-06-12 22:00:29.0, description=宋代诗词收藏, sid=1}
[WARN ][2017-07-17 15:52:04]|{sortname=电风扇, createtime=2017-06-20 11:14:37.0, description=梵蒂冈电饭锅, sid=2}
[WARN ][2017-07-17 15:52:04]|{sortname=Spring, createtime=2017-06-20 11:15:07.0, description=是大厦, sid=3}
[WARN ][2017-07-17 15:52:04]|{sortname=SpringMVC, createtime=2017-06-20 11:15:17.0, description=啊发放时, sid=4}
[WARN ][2017-07-17 15:52:04]|{sortname=MyBatis, createtime=2017-06-20 11:15:20.0, description=啊撒大声地, sid=5}
[WARN ][2017-07-17 15:52:04]|{sortname=jQuery, createtime=2017-06-20 11:15:23.0, description=富商大贾, sid=6}
[WARN ][2017-07-17 15:52:04]|{sortname=JDBC, createtime=2017-06-20 11:15:24.0, description=撒的公共, sid=7}
[WARN ][2017-07-17 15:52:04]|{sortname=Oracle数据库, createtime=2017-06-20 11:15:27.0, description=人阿什顿就换个, sid=8}
[BANIT][2017-07-17 15:52:04]|豆腐干韦尔奇个！
[INFO ][2017-07-17 15:52:23]|MLog clients using log4j logging.
[INFO ][2017-07-17 15:52:24]|Initializing c3p0-0.9.1.2 [built 21-May-2007 15:04:56; debug? true; trace: 10]
[INFO ][2017-07-17 15:52:25]|Initializing c3p0 pool... com.mchange.v2.c3p0.ComboPooledDataSource [ acquireIncrement -> 3, acquireRetryAttempts -> 30, acquireRetryDelay -> 1000, autoCommitOnClose -> false, automaticTestTable -> null, breakAfterAcquireFailure -> false, checkoutTimeout -> 0, connectionCustomizerClassName -> null, connectionTesterClassName -> com.mchange.v2.c3p0.impl.DefaultConnectionTester, dataSourceName -> 1hgek8x9pm2fwbf5up2dq|55b699ef, debugUnreturnedConnectionStackTraces -> false, description -> null, driverClass -> com.mysql.jdbc.Driver, factoryClassLocation -> null, forceIgnoreUnresolvedTransactions -> false, identityToken -> 1hgek8x9pm2fwbf5up2dq|55b699ef, idleConnectionTestPeriod -> 0, initialPoolSize -> 3, jdbcUrl -> jdbc:mysql://localhost:3306/iblog?useUnicode=true&characterEncoding=UTF-8, maxAdministrativeTaskTime -> 0, maxConnectionAge -> 0, maxIdleTime -> 0, maxIdleTimeExcessConnections -> 0, maxPoolSize -> 30, maxStatements -> 0, maxStatementsPerConnection -> 0, minPoolSize -> 3, numHelperThreads -> 3, numThreadsAwaitingCheckoutDefaultUser -> 0, preferredTestQuery -> null, properties -> {user=******, password=******}, propertyCycle -> 0, testConnectionOnCheckin -> false, testConnectionOnCheckout -> false, unreturnedConnectionTimeout -> 0, usesTraditionalReflectiveProxies -> false ]
[WARN ][2017-07-17 15:52:25]|{sortname=唐宋文学, createtime=2017-06-12 22:00:29.0, description=宋代诗词收藏, sid=1}
[WARN ][2017-07-17 15:52:25]|{sortname=电风扇, createtime=2017-06-20 11:14:37.0, description=梵蒂冈电饭锅, sid=2}
[WARN ][2017-07-17 15:52:25]|{sortname=Spring, createtime=2017-06-20 11:15:07.0, description=是大厦, sid=3}
[WARN ][2017-07-17 15:52:25]|{sortname=SpringMVC, createtime=2017-06-20 11:15:17.0, description=啊发放时, sid=4}
[WARN ][2017-07-17 15:52:25]|{sortname=MyBatis, createtime=2017-06-20 11:15:20.0, description=啊撒大声地, sid=5}
[WARN ][2017-07-17 15:52:25]|{sortname=jQuery, createtime=2017-06-20 11:15:23.0, description=富商大贾, sid=6}
[WARN ][2017-07-17 15:52:25]|{sortname=JDBC, createtime=2017-06-20 11:15:24.0, description=撒的公共, sid=7}
[WARN ][2017-07-17 15:52:25]|{sortname=Oracle数据库, createtime=2017-06-20 11:15:27.0, description=人阿什顿就换个, sid=8}
[BANIT][2017-07-17 15:52:25]|豆腐干韦尔奇个！
[INFO ][2017-07-17 15:55:03]|MLog clients using log4j logging.
[INFO ][2017-07-17 15:55:04]|Initializing c3p0-0.9.1.2 [built 21-May-2007 15:04:56; debug? true; trace: 10]
[INFO ][2017-07-17 15:55:05]|Initializing c3p0 pool... com.mchange.v2.c3p0.ComboPooledDataSource [ acquireIncrement -> 3, acquireRetryAttempts -> 30, acquireRetryDelay -> 1000, autoCommitOnClose -> false, automaticTestTable -> null, breakAfterAcquireFailure -> false, checkoutTimeout -> 0, connectionCustomizerClassName -> null, connectionTesterClassName -> com.mchange.v2.c3p0.impl.DefaultConnectionTester, dataSourceName -> 1hgek8x9pm2jce2nrxq9m|55b699ef, debugUnreturnedConnectionStackTraces -> false, description -> null, driverClass -> com.mysql.jdbc.Driver, factoryClassLocation -> null, forceIgnoreUnresolvedTransactions -> false, identityToken -> 1hgek8x9pm2jce2nrxq9m|55b699ef, idleConnectionTestPeriod -> 0, initialPoolSize -> 3, jdbcUrl -> jdbc:mysql://localhost:3306/iblog?useUnicode=true&characterEncoding=UTF-8, maxAdministrativeTaskTime -> 0, maxConnectionAge -> 0, maxIdleTime -> 0, maxIdleTimeExcessConnections -> 0, maxPoolSize -> 30, maxStatements -> 0, maxStatementsPerConnection -> 0, minPoolSize -> 3, numHelperThreads -> 3, numThreadsAwaitingCheckoutDefaultUser -> 0, preferredTestQuery -> null, properties -> {user=******, password=******}, propertyCycle -> 0, testConnectionOnCheckin -> false, testConnectionOnCheckout -> false, unreturnedConnectionTimeout -> 0, usesTraditionalReflectiveProxies -> false ]
[WARN ][2017-07-17 15:55:06]|{sortname=唐宋文学, createtime=2017-06-12 22:00:29.0, description=宋代诗词收藏, sid=1}
[WARN ][2017-07-17 15:55:06]|{sortname=电风扇, createtime=2017-06-20 11:14:37.0, description=梵蒂冈电饭锅, sid=2}
[WARN ][2017-07-17 15:55:06]|{sortname=Spring, createtime=2017-06-20 11:15:07.0, description=是大厦, sid=3}
[WARN ][2017-07-17 15:55:06]|{sortname=SpringMVC, createtime=2017-06-20 11:15:17.0, description=啊发放时, sid=4}
[WARN ][2017-07-17 15:55:06]|{sortname=MyBatis, createtime=2017-06-20 11:15:20.0, description=啊撒大声地, sid=5}
[WARN ][2017-07-17 15:55:06]|{sortname=jQuery, createtime=2017-06-20 11:15:23.0, description=富商大贾, sid=6}
[WARN ][2017-07-17 15:55:06]|{sortname=JDBC, createtime=2017-06-20 11:15:24.0, description=撒的公共, sid=7}
[WARN ][2017-07-17 15:55:06]|{sortname=Oracle数据库, createtime=2017-06-20 11:15:27.0, description=人阿什顿就换个, sid=8}
[-Log-][2017-07-17 15:55:06]|豆腐干韦尔奇个！
[INFO ][2017-07-17 15:55:34]|MLog clients using log4j logging.
[INFO ][2017-07-17 15:55:35]|Initializing c3p0-0.9.1.2 [built 21-May-2007 15:04:56; debug? true; trace: 10]
[INFO ][2017-07-17 15:55:36]|Initializing c3p0 pool... com.mchange.v2.c3p0.ComboPooledDataSource [ acquireIncrement -> 3, acquireRetryAttempts -> 30, acquireRetryDelay -> 1000, autoCommitOnClose -> false, automaticTestTable -> null, breakAfterAcquireFailure -> false, checkoutTimeout -> 0, connectionCustomizerClassName -> null, connectionTesterClassName -> com.mchange.v2.c3p0.impl.DefaultConnectionTester, dataSourceName -> 1hgek8x9pm2jzt2guor13|55b699ef, debugUnreturnedConnectionStackTraces -> false, description -> null, driverClass -> com.mysql.jdbc.Driver, factoryClassLocation -> null, forceIgnoreUnresolvedTransactions -> false, identityToken -> 1hgek8x9pm2jzt2guor13|55b699ef, idleConnectionTestPeriod -> 0, initialPoolSize -> 3, jdbcUrl -> jdbc:mysql://localhost:3306/iblog?useUnicode=true&characterEncoding=UTF-8, maxAdministrativeTaskTime -> 0, maxConnectionAge -> 0, maxIdleTime -> 0, maxIdleTimeExcessConnections -> 0, maxPoolSize -> 30, maxStatements -> 0, maxStatementsPerConnection -> 0, minPoolSize -> 3, numHelperThreads -> 3, numThreadsAwaitingCheckoutDefaultUser -> 0, preferredTestQuery -> null, properties -> {user=******, password=******}, propertyCycle -> 0, testConnectionOnCheckin -> false, testConnectionOnCheckout -> false, unreturnedConnectionTimeout -> 0, usesTraditionalReflectiveProxies -> false ]
[WARN ][2017-07-17 15:55:36]|{sortname=唐宋文学, createtime=2017-06-12 22:00:29.0, description=宋代诗词收藏, sid=1}
[WARN ][2017-07-17 15:55:36]|{sortname=电风扇, createtime=2017-06-20 11:14:37.0, description=梵蒂冈电饭锅, sid=2}
[WARN ][2017-07-17 15:55:36]|{sortname=Spring, createtime=2017-06-20 11:15:07.0, description=是大厦, sid=3}
[WARN ][2017-07-17 15:55:36]|{sortname=SpringMVC, createtime=2017-06-20 11:15:17.0, description=啊发放时, sid=4}
[WARN ][2017-07-17 15:55:36]|{sortname=MyBatis, createtime=2017-06-20 11:15:20.0, description=啊撒大声地, sid=5}
[WARN ][2017-07-17 15:55:36]|{sortname=jQuery, createtime=2017-06-20 11:15:23.0, description=富商大贾, sid=6}
[WARN ][2017-07-17 15:55:36]|{sortname=JDBC, createtime=2017-06-20 11:15:24.0, description=撒的公共, sid=7}
[WARN ][2017-07-17 15:55:36]|{sortname=Oracle数据库, createtime=2017-06-20 11:15:27.0, description=人阿什顿就换个, sid=8}
[#Log#][2017-07-17 15:55:36]|豆腐干韦尔奇个！
[INFO ][2017-07-17 16:00:55]|MLog clients using log4j logging.
[INFO ][2017-07-17 16:00:56]|Initializing c3p0-0.9.1.2 [built 21-May-2007 15:04:56; debug? true; trace: 10]
[INFO ][2017-07-17 16:00:57]|Initializing c3p0 pool... com.mchange.v2.c3p0.ComboPooledDataSource [ acquireIncrement -> 3, acquireRetryAttempts -> 30, acquireRetryDelay -> 1000, autoCommitOnClose -> false, automaticTestTable -> null, breakAfterAcquireFailure -> false, checkoutTimeout -> 0, connectionCustomizerClassName -> null, connectionTesterClassName -> com.mchange.v2.c3p0.impl.DefaultConnectionTester, dataSourceName -> 1hgek8x9pm2qvqq11x84py|55b699ef, debugUnreturnedConnectionStackTraces -> false, description -> null, driverClass -> com.mysql.jdbc.Driver, factoryClassLocation -> null, forceIgnoreUnresolvedTransactions -> false, identityToken -> 1hgek8x9pm2qvqq11x84py|55b699ef, idleConnectionTestPeriod -> 0, initialPoolSize -> 3, jdbcUrl -> jdbc:mysql://localhost:3306/iblog?useUnicode=true&characterEncoding=UTF-8, maxAdministrativeTaskTime -> 0, maxConnectionAge -> 0, maxIdleTime -> 0, maxIdleTimeExcessConnections -> 0, maxPoolSize -> 30, maxStatements -> 0, maxStatementsPerConnection -> 0, minPoolSize -> 3, numHelperThreads -> 3, numThreadsAwaitingCheckoutDefaultUser -> 0, preferredTestQuery -> null, properties -> {user=******, password=******}, propertyCycle -> 0, testConnectionOnCheckin -> false, testConnectionOnCheckout -> false, unreturnedConnectionTimeout -> 0, usesTraditionalReflectiveProxies -> false ]
[WARN ][2017-07-17 16:00:57]|{sortname=唐宋文学, createtime=2017-06-12 22:00:29.0, description=宋代诗词收藏, sid=1}
[WARN ][2017-07-17 16:00:57]|{sortname=电风扇, createtime=2017-06-20 11:14:37.0, description=梵蒂冈电饭锅, sid=2}
[WARN ][2017-07-17 16:00:57]|{sortname=Spring, createtime=2017-06-20 11:15:07.0, description=是大厦, sid=3}
[WARN ][2017-07-17 16:00:57]|{sortname=SpringMVC, createtime=2017-06-20 11:15:17.0, description=啊发放时, sid=4}
[WARN ][2017-07-17 16:00:57]|{sortname=MyBatis, createtime=2017-06-20 11:15:20.0, description=啊撒大声地, sid=5}
[WARN ][2017-07-17 16:00:57]|{sortname=jQuery, createtime=2017-06-20 11:15:23.0, description=富商大贾, sid=6}
[WARN ][2017-07-17 16:00:57]|{sortname=JDBC, createtime=2017-06-20 11:15:24.0, description=撒的公共, sid=7}
[WARN ][2017-07-17 16:00:57]|{sortname=Oracle数据库, createtime=2017-06-20 11:15:27.0, description=人阿什顿就换个, sid=8}
[#Log#][2017-07-17 16:00:57]|豆腐干韦尔奇个！
[INFO ][2017-07-17 16:03:06]|MLog clients using log4j logging.
[INFO ][2017-07-17 16:03:07]|Initializing c3p0-0.9.1.2 [built 21-May-2007 15:04:56; debug? true; trace: 10]
[INFO ][2017-07-17 16:03:08]|Initializing c3p0 pool... com.mchange.v2.c3p0.ComboPooledDataSource [ acquireIncrement -> 3, acquireRetryAttempts -> 30, acquireRetryDelay -> 1000, autoCommitOnClose -> false, automaticTestTable -> null, breakAfterAcquireFailure -> false, checkoutTimeout -> 0, connectionCustomizerClassName -> null, connectionTesterClassName -> com.mchange.v2.c3p0.impl.DefaultConnectionTester, dataSourceName -> 1hgek8x9pm2tp3j1do368f|55b699ef, debugUnreturnedConnectionStackTraces -> false, description -> null, driverClass -> com.mysql.jdbc.Driver, factoryClassLocation -> null, forceIgnoreUnresolvedTransactions -> false, identityToken -> 1hgek8x9pm2tp3j1do368f|55b699ef, idleConnectionTestPeriod -> 0, initialPoolSize -> 3, jdbcUrl -> jdbc:mysql://localhost:3306/iblog?useUnicode=true&characterEncoding=UTF-8, maxAdministrativeTaskTime -> 0, maxConnectionAge -> 0, maxIdleTime -> 0, maxIdleTimeExcessConnections -> 0, maxPoolSize -> 30, maxStatements -> 0, maxStatementsPerConnection -> 0, minPoolSize -> 3, numHelperThreads -> 3, numThreadsAwaitingCheckoutDefaultUser -> 0, preferredTestQuery -> null, properties -> {user=******, password=******}, propertyCycle -> 0, testConnectionOnCheckin -> false, testConnectionOnCheckout -> false, unreturnedConnectionTimeout -> 0, usesTraditionalReflectiveProxies -> false ]
[WARN ][2017-07-17 16:03:09]|{sortname=唐宋文学, createtime=2017-06-12 22:00:29.0, description=宋代诗词收藏, sid=1}
[WARN ][2017-07-17 16:03:09]|{sortname=电风扇, createtime=2017-06-20 11:14:37.0, description=梵蒂冈电饭锅, sid=2}
[WARN ][2017-07-17 16:03:09]|{sortname=Spring, createtime=2017-06-20 11:15:07.0, description=是大厦, sid=3}
[WARN ][2017-07-17 16:03:09]|{sortname=SpringMVC, createtime=2017-06-20 11:15:17.0, description=啊发放时, sid=4}
[WARN ][2017-07-17 16:03:09]|{sortname=MyBatis, createtime=2017-06-20 11:15:20.0, description=啊撒大声地, sid=5}
[WARN ][2017-07-17 16:03:09]|{sortname=jQuery, createtime=2017-06-20 11:15:23.0, description=富商大贾, sid=6}
[WARN ][2017-07-17 16:03:09]|{sortname=JDBC, createtime=2017-06-20 11:15:24.0, description=撒的公共, sid=7}
[WARN ][2017-07-17 16:03:09]|{sortname=Oracle数据库, createtime=2017-06-20 11:15:27.0, description=人阿什顿就换个, sid=8}
[LOG  ][2017-07-17 16:03:09]|豆腐干韦尔奇个！
[INFO ][2017-07-17 16:04:34]|MLog clients using log4j logging.
[INFO ][2017-07-17 16:04:35]|Initializing c3p0-0.9.1.2 [built 21-May-2007 15:04:56; debug? true; trace: 10]
[INFO ][2017-07-17 16:04:36]|Initializing c3p0 pool... com.mchange.v2.c3p0.ComboPooledDataSource [ acquireIncrement -> 3, acquireRetryAttempts -> 30, acquireRetryDelay -> 1000, autoCommitOnClose -> false, automaticTestTable -> null, breakAfterAcquireFailure -> false, checkoutTimeout -> 0, connectionCustomizerClassName -> null, connectionTesterClassName -> com.mchange.v2.c3p0.impl.DefaultConnectionTester, dataSourceName -> 1hgek8x9pm2vkxn1i480f5|55b699ef, debugUnreturnedConnectionStackTraces -> false, description -> null, driverClass -> com.mysql.jdbc.Driver, factoryClassLocation -> null, forceIgnoreUnresolvedTransactions -> false, identityToken -> 1hgek8x9pm2vkxn1i480f5|55b699ef, idleConnectionTestPeriod -> 0, initialPoolSize -> 3, jdbcUrl -> jdbc:mysql://localhost:3306/iblog?useUnicode=true&characterEncoding=UTF-8, maxAdministrativeTaskTime -> 0, maxConnectionAge -> 0, maxIdleTime -> 0, maxIdleTimeExcessConnections -> 0, maxPoolSize -> 30, maxStatements -> 0, maxStatementsPerConnection -> 0, minPoolSize -> 3, numHelperThreads -> 3, numThreadsAwaitingCheckoutDefaultUser -> 0, preferredTestQuery -> null, properties -> {user=******, password=******}, propertyCycle -> 0, testConnectionOnCheckin -> false, testConnectionOnCheckout -> false, unreturnedConnectionTimeout -> 0, usesTraditionalReflectiveProxies -> false ]
[WARN ][2017-07-17 16:04:37]|{sortname=唐宋文学, createtime=2017-06-12 22:00:29.0, description=宋代诗词收藏, sid=1}
[WARN ][2017-07-17 16:04:37]|{sortname=电风扇, createtime=2017-06-20 11:14:37.0, description=梵蒂冈电饭锅, sid=2}
[WARN ][2017-07-17 16:04:37]|{sortname=Spring, createtime=2017-06-20 11:15:07.0, description=是大厦, sid=3}
[WARN ][2017-07-17 16:04:37]|{sortname=SpringMVC, createtime=2017-06-20 11:15:17.0, description=啊发放时, sid=4}
[WARN ][2017-07-17 16:04:37]|{sortname=MyBatis, createtime=2017-06-20 11:15:20.0, description=啊撒大声地, sid=5}
[WARN ][2017-07-17 16:04:37]|{sortname=jQuery, createtime=2017-06-20 11:15:23.0, description=富商大贾, sid=6}
[WARN ][2017-07-17 16:04:37]|{sortname=JDBC, createtime=2017-06-20 11:15:24.0, description=撒的公共, sid=7}
[WARN ][2017-07-17 16:04:37]|{sortname=Oracle数据库, createtime=2017-06-20 11:15:27.0, description=人阿什顿就换个, sid=8}
[LOG  ][2017-07-17 16:04:37]|豆腐干韦尔奇个！
[INFO ][2017-07-17 16:07:45]|MLog clients using log4j logging.
[INFO ][2017-07-17 16:07:46]|Initializing c3p0-0.9.1.2 [built 21-May-2007 15:04:56; debug? true; trace: 10]
[INFO ][2017-07-17 16:07:47]|Initializing c3p0 pool... com.mchange.v2.c3p0.ComboPooledDataSource [ acquireIncrement -> 3, acquireRetryAttempts -> 30, acquireRetryDelay -> 1000, autoCommitOnClose -> false, automaticTestTable -> null, breakAfterAcquireFailure -> false, checkoutTimeout -> 0, connectionCustomizerClassName -> null, connectionTesterClassName -> com.mchange.v2.c3p0.impl.DefaultConnectionTester, dataSourceName -> 1hgek8x9pm2znwgzjqfct|55b699ef, debugUnreturnedConnectionStackTraces -> false, description -> null, driverClass -> com.mysql.jdbc.Driver, factoryClassLocation -> null, forceIgnoreUnresolvedTransactions -> false, identityToken -> 1hgek8x9pm2znwgzjqfct|55b699ef, idleConnectionTestPeriod -> 0, initialPoolSize -> 3, jdbcUrl -> jdbc:mysql://localhost:3306/iblog?useUnicode=true&characterEncoding=UTF-8, maxAdministrativeTaskTime -> 0, maxConnectionAge -> 0, maxIdleTime -> 0, maxIdleTimeExcessConnections -> 0, maxPoolSize -> 30, maxStatements -> 0, maxStatementsPerConnection -> 0, minPoolSize -> 3, numHelperThreads -> 3, numThreadsAwaitingCheckoutDefaultUser -> 0, preferredTestQuery -> null, properties -> {user=******, password=******}, propertyCycle -> 0, testConnectionOnCheckin -> false, testConnectionOnCheckout -> false, unreturnedConnectionTimeout -> 0, usesTraditionalReflectiveProxies -> false ]
[WARN ][2017-07-17 16:07:47]|{sortname=唐宋文学, createtime=2017-06-12 22:00:29.0, description=宋代诗词收藏, sid=1}
[WARN ][2017-07-17 16:07:47]|{sortname=电风扇, createtime=2017-06-20 11:14:37.0, description=梵蒂冈电饭锅, sid=2}
[WARN ][2017-07-17 16:07:47]|{sortname=Spring, createtime=2017-06-20 11:15:07.0, description=是大厦, sid=3}
[WARN ][2017-07-17 16:07:47]|{sortname=SpringMVC, createtime=2017-06-20 11:15:17.0, description=啊发放时, sid=4}
[WARN ][2017-07-17 16:07:47]|{sortname=MyBatis, createtime=2017-06-20 11:15:20.0, description=啊撒大声地, sid=5}
[WARN ][2017-07-17 16:07:47]|{sortname=jQuery, createtime=2017-06-20 11:15:23.0, description=富商大贾, sid=6}
[WARN ][2017-07-17 16:07:47]|{sortname=JDBC, createtime=2017-06-20 11:15:24.0, description=撒的公共, sid=7}
[WARN ][2017-07-17 16:07:47]|{sortname=Oracle数据库, createtime=2017-06-20 11:15:27.0, description=人阿什顿就换个, sid=8}
[LOG  ][2017-07-17 16:07:47]|豆腐干韦尔奇个！
[WARN ][2017-07-17 16:13:40]|{sortname=唐宋文学, createtime=2017-06-12 22:00:29.0, description=宋代诗词收藏, sid=1}
[WARN ][2017-07-17 16:13:40]|{sortname=电风扇, createtime=2017-06-20 11:14:37.0, description=梵蒂冈电饭锅, sid=2}
[WARN ][2017-07-17 16:13:40]|{sortname=Spring, createtime=2017-06-20 11:15:07.0, description=是大厦, sid=3}
[WARN ][2017-07-17 16:13:40]|{sortname=SpringMVC, createtime=2017-06-20 11:15:17.0, description=啊发放时, sid=4}
[WARN ][2017-07-17 16:13:40]|{sortname=MyBatis, createtime=2017-06-20 11:15:20.0, description=啊撒大声地, sid=5}
[WARN ][2017-07-17 16:13:40]|{sortname=jQuery, createtime=2017-06-20 11:15:23.0, description=富商大贾, sid=6}
[WARN ][2017-07-17 16:13:40]|{sortname=JDBC, createtime=2017-06-20 11:15:24.0, description=撒的公共, sid=7}
[WARN ][2017-07-17 16:13:40]|{sortname=Oracle数据库, createtime=2017-06-20 11:15:27.0, description=人阿什顿就换个, sid=8}
[WARN ][2017-07-17 16:20:18]|{sortname=唐宋文学, createtime=2017-06-12 22:00:29.0, description=宋代诗词收藏, sid=1}
[WARN ][2017-07-17 16:20:18]|{sortname=电风扇, createtime=2017-06-20 11:14:37.0, description=梵蒂冈电饭锅, sid=2}
[WARN ][2017-07-17 16:20:18]|{sortname=Spring, createtime=2017-06-20 11:15:07.0, description=是大厦, sid=3}
[WARN ][2017-07-17 16:20:18]|{sortname=SpringMVC, createtime=2017-06-20 11:15:17.0, description=啊发放时, sid=4}
[WARN ][2017-07-17 16:20:18]|{sortname=MyBatis, createtime=2017-06-20 11:15:20.0, description=啊撒大声地, sid=5}
[WARN ][2017-07-17 16:20:18]|{sortname=jQuery, createtime=2017-06-20 11:15:23.0, description=富商大贾, sid=6}
[WARN ][2017-07-17 16:20:18]|{sortname=JDBC, createtime=2017-06-20 11:15:24.0, description=撒的公共, sid=7}
[WARN ][2017-07-17 16:20:18]|{sortname=Oracle数据库, createtime=2017-06-20 11:15:27.0, description=人阿什顿就换个, sid=8}
[WARN ][2017-07-17 16:21:31]|{sortname=唐宋文学, createtime=2017-06-12 22:00:29.0, description=宋代诗词收藏, sid=1}
[WARN ][2017-07-17 16:21:31]|{sortname=电风扇, createtime=2017-06-20 11:14:37.0, description=梵蒂冈电饭锅, sid=2}
[WARN ][2017-07-17 16:21:31]|{sortname=Spring, createtime=2017-06-20 11:15:07.0, description=是大厦, sid=3}
[WARN ][2017-07-17 16:21:31]|{sortname=SpringMVC, createtime=2017-06-20 11:15:17.0, description=啊发放时, sid=4}
[WARN ][2017-07-17 16:21:31]|{sortname=MyBatis, createtime=2017-06-20 11:15:20.0, description=啊撒大声地, sid=5}
[WARN ][2017-07-17 16:21:31]|{sortname=jQuery, createtime=2017-06-20 11:15:23.0, description=富商大贾, sid=6}
[WARN ][2017-07-17 16:21:31]|{sortname=JDBC, createtime=2017-06-20 11:15:24.0, description=撒的公共, sid=7}
[WARN ][2017-07-17 16:21:31]|{sortname=Oracle数据库, createtime=2017-06-20 11:15:27.0, description=人阿什顿就换个, sid=8}
[WARN ][2017-07-17 16:29:54]|{sortname=唐宋文学, createtime=2017-06-12 22:00:29.0, description=宋代诗词收藏, sid=1}
[WARN ][2017-07-17 16:29:54]|{sortname=电风扇, createtime=2017-06-20 11:14:37.0, description=梵蒂冈电饭锅, sid=2}
[WARN ][2017-07-17 16:29:54]|{sortname=Spring, createtime=2017-06-20 11:15:07.0, description=是大厦, sid=3}
[WARN ][2017-07-17 16:29:54]|{sortname=SpringMVC, createtime=2017-06-20 11:15:17.0, description=啊发放时, sid=4}
[WARN ][2017-07-17 16:29:54]|{sortname=MyBatis, createtime=2017-06-20 11:15:20.0, description=啊撒大声地, sid=5}
[WARN ][2017-07-17 16:29:54]|{sortname=jQuery, createtime=2017-06-20 11:15:23.0, description=富商大贾, sid=6}
[WARN ][2017-07-17 16:29:54]|{sortname=JDBC, createtime=2017-06-20 11:15:24.0, description=撒的公共, sid=7}
[WARN ][2017-07-17 16:29:54]|{sortname=Oracle数据库, createtime=2017-06-20 11:15:27.0, description=人阿什顿就换个, sid=8}
[INFO ][2017-07-17 16:31:03]|MLog clients using log4j logging.
[INFO ][2017-07-17 16:31:04]|Initializing c3p0-0.9.1.2 [built 21-May-2007 15:04:56; debug? true; trace: 10]
[INFO ][2017-07-17 16:31:05]|Initializing c3p0 pool... com.mchange.v2.c3p0.ComboPooledDataSource [ acquireIncrement -> 3, acquireRetryAttempts -> 30, acquireRetryDelay -> 1000, autoCommitOnClose -> false, automaticTestTable -> null, breakAfterAcquireFailure -> false, checkoutTimeout -> 0, connectionCustomizerClassName -> null, connectionTesterClassName -> com.mchange.v2.c3p0.impl.DefaultConnectionTester, dataSourceName -> 1hgek8x9pm3tmhjrzqww6|55b699ef, debugUnreturnedConnectionStackTraces -> false, description -> null, driverClass -> com.mysql.jdbc.Driver, factoryClassLocation -> null, forceIgnoreUnresolvedTransactions -> false, identityToken -> 1hgek8x9pm3tmhjrzqww6|55b699ef, idleConnectionTestPeriod -> 0, initialPoolSize -> 3, jdbcUrl -> jdbc:mysql://localhost:3306/iblog?useUnicode=true&characterEncoding=UTF-8, maxAdministrativeTaskTime -> 0, maxConnectionAge -> 0, maxIdleTime -> 0, maxIdleTimeExcessConnections -> 0, maxPoolSize -> 30, maxStatements -> 0, maxStatementsPerConnection -> 0, minPoolSize -> 3, numHelperThreads -> 3, numThreadsAwaitingCheckoutDefaultUser -> 0, preferredTestQuery -> null, properties -> {user=******, password=******}, propertyCycle -> 0, testConnectionOnCheckin -> false, testConnectionOnCheckout -> false, unreturnedConnectionTimeout -> 0, usesTraditionalReflectiveProxies -> false ]
[WARN ][2017-07-17 16:31:05]|{sortname=唐宋文学, createtime=2017-06-12 22:00:29.0, description=宋代诗词收藏, sid=1}
[WARN ][2017-07-17 16:31:05]|{sortname=电风扇, createtime=2017-06-20 11:14:37.0, description=梵蒂冈电饭锅, sid=2}
[WARN ][2017-07-17 16:31:05]|{sortname=Spring, createtime=2017-06-20 11:15:07.0, description=是大厦, sid=3}
[WARN ][2017-07-17 16:31:05]|{sortname=SpringMVC, createtime=2017-06-20 11:15:17.0, description=啊发放时, sid=4}
[WARN ][2017-07-17 16:31:05]|{sortname=MyBatis, createtime=2017-06-20 11:15:20.0, description=啊撒大声地, sid=5}
[WARN ][2017-07-17 16:31:05]|{sortname=jQuery, createtime=2017-06-20 11:15:23.0, description=富商大贾, sid=6}
[WARN ][2017-07-17 16:31:05]|{sortname=JDBC, createtime=2017-06-20 11:15:24.0, description=撒的公共, sid=7}
[WARN ][2017-07-17 16:31:05]|{sortname=Oracle数据库, createtime=2017-06-20 11:15:27.0, description=人阿什顿就换个, sid=8}
[LOG  ][2017-07-17 16:31:05]|豆腐干韦尔奇个！
[INFO ][2017-07-17 16:32:39]|MLog clients using log4j logging.
[INFO ][2017-07-17 16:32:40]|Initializing c3p0-0.9.1.2 [built 21-May-2007 15:04:56; debug? true; trace: 10]
[INFO ][2017-07-17 16:32:41]|Initializing c3p0 pool... com.mchange.v2.c3p0.ComboPooledDataSource [ acquireIncrement -> 3, acquireRetryAttempts -> 30, acquireRetryDelay -> 1000, autoCommitOnClose -> false, automaticTestTable -> null, breakAfterAcquireFailure -> false, checkoutTimeout -> 0, connectionCustomizerClassName -> null, connectionTesterClassName -> com.mchange.v2.c3p0.impl.DefaultConnectionTester, dataSourceName -> 1hgek8x9pm3vp43zllggz|55b699ef, debugUnreturnedConnectionStackTraces -> false, description -> null, driverClass -> com.mysql.jdbc.Driver, factoryClassLocation -> null, forceIgnoreUnresolvedTransactions -> false, identityToken -> 1hgek8x9pm3vp43zllggz|55b699ef, idleConnectionTestPeriod -> 0, initialPoolSize -> 3, jdbcUrl -> jdbc:mysql://localhost:3306/iblog?useUnicode=true&characterEncoding=UTF-8, maxAdministrativeTaskTime -> 0, maxConnectionAge -> 0, maxIdleTime -> 0, maxIdleTimeExcessConnections -> 0, maxPoolSize -> 30, maxStatements -> 0, maxStatementsPerConnection -> 0, minPoolSize -> 3, numHelperThreads -> 3, numThreadsAwaitingCheckoutDefaultUser -> 0, preferredTestQuery -> null, properties -> {user=******, password=******}, propertyCycle -> 0, testConnectionOnCheckin -> false, testConnectionOnCheckout -> false, unreturnedConnectionTimeout -> 0, usesTraditionalReflectiveProxies -> false ]
[WARN ][2017-07-17 16:32:42]|{sortname=唐宋文学, createtime=2017-06-12 22:00:29.0, description=宋代诗词收藏, sid=1}
[WARN ][2017-07-17 16:32:42]|{sortname=电风扇, createtime=2017-06-20 11:14:37.0, description=梵蒂冈电饭锅, sid=2}
[WARN ][2017-07-17 16:32:42]|{sortname=Spring, createtime=2017-06-20 11:15:07.0, description=是大厦, sid=3}
[WARN ][2017-07-17 16:32:42]|{sortname=SpringMVC, createtime=2017-06-20 11:15:17.0, description=啊发放时, sid=4}
[WARN ][2017-07-17 16:32:42]|{sortname=MyBatis, createtime=2017-06-20 11:15:20.0, description=啊撒大声地, sid=5}
[WARN ][2017-07-17 16:32:42]|{sortname=jQuery, createtime=2017-06-20 11:15:23.0, description=富商大贾, sid=6}
[WARN ][2017-07-17 16:32:42]|{sortname=JDBC, createtime=2017-06-20 11:15:24.0, description=撒的公共, sid=7}
[WARN ][2017-07-17 16:32:42]|{sortname=Oracle数据库, createtime=2017-06-20 11:15:27.0, description=人阿什顿就换个, sid=8}
[DETAIL][2017-07-17 16:32:42]|豆腐干韦尔奇个！
[INFO ][2017-07-17 16:33:54]|MLog clients using log4j logging.
[INFO ][2017-07-17 16:33:55]|Initializing c3p0-0.9.1.2 [built 21-May-2007 15:04:56; debug? true; trace: 10]
[INFO ][2017-07-17 16:33:56]|Initializing c3p0 pool... com.mchange.v2.c3p0.ComboPooledDataSource [ acquireIncrement -> 3, acquireRetryAttempts -> 30, acquireRetryDelay -> 1000, autoCommitOnClose -> false, automaticTestTable -> null, breakAfterAcquireFailure -> false, checkoutTimeout -> 0, connectionCustomizerClassName -> null, connectionTesterClassName -> com.mchange.v2.c3p0.impl.DefaultConnectionTester, dataSourceName -> 1hgek8x9pm3xamndhp8nq|55b699ef, debugUnreturnedConnectionStackTraces -> false, description -> null, driverClass -> com.mysql.jdbc.Driver, factoryClassLocation -> null, forceIgnoreUnresolvedTransactions -> false, identityToken -> 1hgek8x9pm3xamndhp8nq|55b699ef, idleConnectionTestPeriod -> 0, initialPoolSize -> 3, jdbcUrl -> jdbc:mysql://localhost:3306/iblog?useUnicode=true&characterEncoding=UTF-8, maxAdministrativeTaskTime -> 0, maxConnectionAge -> 0, maxIdleTime -> 0, maxIdleTimeExcessConnections -> 0, maxPoolSize -> 30, maxStatements -> 0, maxStatementsPerConnection -> 0, minPoolSize -> 3, numHelperThreads -> 3, numThreadsAwaitingCheckoutDefaultUser -> 0, preferredTestQuery -> null, properties -> {user=******, password=******}, propertyCycle -> 0, testConnectionOnCheckin -> false, testConnectionOnCheckout -> false, unreturnedConnectionTimeout -> 0, usesTraditionalReflectiveProxies -> false ]
[WARN ][2017-07-17 16:33:56]|{sortname=唐宋文学, createtime=2017-06-12 22:00:29.0, description=宋代诗词收藏, sid=1}
[WARN ][2017-07-17 16:33:56]|{sortname=电风扇, createtime=2017-06-20 11:14:37.0, description=梵蒂冈电饭锅, sid=2}
[WARN ][2017-07-17 16:33:56]|{sortname=Spring, createtime=2017-06-20 11:15:07.0, description=是大厦, sid=3}
[WARN ][2017-07-17 16:33:56]|{sortname=SpringMVC, createtime=2017-06-20 11:15:17.0, description=啊发放时, sid=4}
[WARN ][2017-07-17 16:33:56]|{sortname=MyBatis, createtime=2017-06-20 11:15:20.0, description=啊撒大声地, sid=5}
[WARN ][2017-07-17 16:33:56]|{sortname=jQuery, createtime=2017-06-20 11:15:23.0, description=富商大贾, sid=6}
[WARN ][2017-07-17 16:33:56]|{sortname=JDBC, createtime=2017-06-20 11:15:24.0, description=撒的公共, sid=7}
[WARN ][2017-07-17 16:33:56]|{sortname=Oracle数据库, createtime=2017-06-20 11:15:27.0, description=人阿什顿就换个, sid=8}
[DETAIL][2017-07-17 16:33:56]|豆腐干韦尔奇个！
[WARN ][2017-07-17 16:34:32]|{sortname=唐宋文学, createtime=2017-06-12 22:00:29.0, description=宋代诗词收藏, sid=1}
[WARN ][2017-07-17 16:34:32]|{sortname=电风扇, createtime=2017-06-20 11:14:37.0, description=梵蒂冈电饭锅, sid=2}
[WARN ][2017-07-17 16:34:32]|{sortname=Spring, createtime=2017-06-20 11:15:07.0, description=是大厦, sid=3}
[WARN ][2017-07-17 16:34:32]|{sortname=SpringMVC, createtime=2017-06-20 11:15:17.0, description=啊发放时, sid=4}
[WARN ][2017-07-17 16:34:32]|{sortname=MyBatis, createtime=2017-06-20 11:15:20.0, description=啊撒大声地, sid=5}
[WARN ][2017-07-17 16:34:32]|{sortname=jQuery, createtime=2017-06-20 11:15:23.0, description=富商大贾, sid=6}
[WARN ][2017-07-17 16:34:32]|{sortname=JDBC, createtime=2017-06-20 11:15:24.0, description=撒的公共, sid=7}
[WARN ][2017-07-17 16:34:32]|{sortname=Oracle数据库, createtime=2017-06-20 11:15:27.0, description=人阿什顿就换个, sid=8}
[DETAIL][2017-07-17 16:34:32]|豆腐干韦尔奇个！
[DETAIL][2017-07-17 16:34:52]|豆腐干韦尔奇个！
[WARN ][2017-07-17 23:14:46]|江苏省,南京市
[INFO ][2017-07-17 23:15:27]|MLog clients using log4j logging.
[INFO ][2017-07-17 23:15:28]|Initializing c3p0-0.9.1.2 [built 21-May-2007 15:04:56; debug? true; trace: 10]
[WARN ][2017-07-17 23:15:29]|江苏省,南京市
[INFO ][2017-07-17 23:16:59]|MLog clients using log4j logging.
[INFO ][2017-07-17 23:17:00]|Initializing c3p0-0.9.1.2 [built 21-May-2007 15:04:56; debug? true; trace: 10]
[INFO ][2017-07-17 23:17:01]|AddressUtil初始化>>>>>>>>>>>>>>>>>>>>>>>>>>>>>
[WARN ][2017-07-17 23:17:01]|江苏省,南京市
[INFO ][2017-07-17 23:17:20]|MLog clients using log4j logging.
[INFO ][2017-07-17 23:17:21]|Initializing c3p0-0.9.1.2 [built 21-May-2007 15:04:56; debug? true; trace: 10]
[INFO ][2017-07-17 23:17:22]|AddressUtil初始化>>>>>>>>>>>>>>>>>>>>>>>>>>>>>
[WARN ][2017-07-17 23:17:22]|江苏省,南京市
[INFO ][2017-07-17 23:23:35]|MLog clients using log4j logging.
[INFO ][2017-07-17 23:23:36]|Initializing c3p0-0.9.1.2 [built 21-May-2007 15:04:56; debug? true; trace: 10]
[INFO ][2017-07-17 23:23:37]|AddressUtil初始化>>>>>>>>>>>>>>>>>>>>>>>>>>>>>
[INFO ][2017-07-17 23:23:37]|WeatherUtil初始化>>>>>>>>>>>>>>>>>>>>>>>>>>>>>
[WARN ][2017-07-17 23:23:37]|江苏省,南京市
[INFO ][2017-07-17 23:24:22]|MLog clients using log4j logging.
[INFO ][2017-07-17 23:24:22]|Initializing c3p0-0.9.1.2 [built 21-May-2007 15:04:56; debug? true; trace: 10]
[INFO ][2017-07-17 23:24:23]|AddressUtil初始化>>>>>>>>>>>>>>>>>>>>>>>>>>>>>
[INFO ][2017-07-17 23:24:23]|WeatherUtil初始化>>>>>>>>>>>>>>>>>>>>>>>>>>>>>
[WARN ][2017-07-17 23:24:23]|江苏省,南京市
[WARN ][2017-07-17 23:24:23]|南京
[INFO ][2017-07-18 09:27:08]|MLog clients using log4j logging.
[INFO ][2017-07-18 09:27:09]|Initializing c3p0-0.9.1.2 [built 21-May-2007 15:04:56; debug? true; trace: 10]
[INFO ][2017-07-18 09:27:10]|AddressUtil初始化>>>>>>>>>>>>>>>>>>>>>>>>>>>>>
[INFO ][2017-07-18 09:27:10]|WeatherUtil初始化>>>>>>>>>>>>>>>>>>>>>>>>>>>>>
[WARN ][2017-07-18 09:27:10]|江苏省,南京市
[WARN ][2017-07-18 09:27:10]|南京
[INFO ][2017-07-18 09:27:55]|AddressUtil初始化>>>>>>>>>>>>>>>>>>>>>>>>>>>>>
[INFO ][2017-07-18 09:29:08]|WeatherUtil初始化>>>>>>>>>>>>>>>>>>>>>>>>>>>>>
[INFO ][2017-07-18 09:30:44]|WeatherUtil初始化>>>>>>>>>>>>>>>>>>>>>>>>>>>>>
[INFO ][2017-07-18 09:31:30]|MLog clients using log4j logging.
[INFO ][2017-07-18 09:31:31]|Initializing c3p0-0.9.1.2 [built 21-May-2007 15:04:56; debug? true; trace: 10]
[INFO ][2017-07-18 09:31:32]|AddressUtil初始化>>>>>>>>>>>>>>>>>>>>>>>>>>>>>
[INFO ][2017-07-18 09:31:32]|WeatherUtil初始化>>>>>>>>>>>>>>>>>>>>>>>>>>>>>
[WARN ][2017-07-18 09:31:32]|江苏省,南京市
[WARN ][2017-07-18 09:31:32]|南京
[INFO ][2017-07-18 09:31:32]|江苏#南京#58238#58238.jpg#2017-7-18 9:11:36#28℃/36℃#7月18日 多云#西南风3-4级#1.gif#1.gif#今日天气实况：气温：32℃；风向/风力：西南风 3级；湿度：61%；紫外线强度：中等。空气质量：良。#紫外线指数：中等，涂擦SPF大于15、PA+防晒护肤品。
感冒指数：少发，感冒机率较低，避免长期处于空调屋中。
穿衣指数：炎热，建议穿短衫、短裤等清凉夏季服装。
洗车指数：较适宜，无雨且风力较小，易保持清洁度。
运动指数：较不宜，天气炎热，建议停止高强度运动。
空气污染指数：良，气象条件有利于空气污染物扩散。
#28℃/36℃#7月19日 多云#西南风3-4级#1.gif#1.gif#28℃/37℃#7月20日 多云#西南风3-4级#1.gif#1.gif#南京简称“宁”，别名“金陵”，也曾称建业、建康、石头城等，现为江苏省省会，是长江下游西部的中心城市。它位于江苏省西部，东依宁镇山脉，地势险固，风景秀丽。诸葛亮曾对南京一带的山川形势评价说：“钟阜龙蟠，石城虎踞”。南京属北亚热带季风气候区，四季分明，年度最佳气节为秋季(9-11月)。南京是历经苍桑的十代都会。三国鼎立，她目睹群雄角逐争战；六代兴替，她阅尽王朝的曲终幕落；明初，她以举世无双的巍巍城垣显示了泱泱大国之风；晚清，她为近代中国第一个不平等条约被冠上自己的名字而蒙受辱；太平天国，历史在这里风雷激荡；辛亥革命，潮流在这里奔突迂回；抗日战争，日军在这里留下人类历史上最野蛮、最血腥的一页。景观：南京秦淮河,中山陵,玄武湖,莫愁湖,雨花台景区,明孝陵,栖霞山,南京长江大桥。南京是中国的历史文化名城之一，文化古迹比较集中，有新石器时代古文化遗址多处，有三国东吴所筑石头城遗址、南京帝王的陵墓、明代朱元璋的陵墓（明孝陵等）。名胜游览地也很多，主要有中山陵、玄武湖、灵谷寺、秦淮河和栖霞山等。革命纪念地有梅园新村、雨花台等。钟山风景区为国家第一批国家重点风景名胜区，位于南京东北郊，以钟山和玄武湖为中心，是来南京旅游的旅游者的必游之地。这一带主要景观包括中山陵、明孝陵、孙权墓和灵谷寺等。南京山、水、城、林相映成趣，景色壮丽秀美，是中国著名的风景旅游城市。#
[INFO ][2017-07-18 11:15:04]|MLog clients using log4j logging.
[INFO ][2017-07-18 11:15:05]|Initializing c3p0-0.9.1.2 [built 21-May-2007 15:04:56; debug? true; trace: 10]
[INFO ][2017-07-18 11:15:06]|AddressUtil初始化>>>>>>>>>>>>>>>>>>>>>>>>>>>>>
[INFO ][2017-07-18 11:15:06]|WeatherUtil初始化>>>>>>>>>>>>>>>>>>>>>>>>>>>>>
[WARN ][2017-07-18 11:15:06]|江苏省,南京市
[WARN ][2017-07-18 11:15:06]|南京
[INFO ][2017-07-18 11:15:06]|江苏#南京#58238#58238.jpg#2017-7-18 11:07:38#28℃/36℃#7月18日 多云#西南风3-4级#1.gif#1.gif#今日天气实况：气温：33℃；风向/风力：南风 3级；湿度：60%；紫外线强度：中等。空气质量：良。#紫外线指数：中等，涂擦SPF大于15、PA+防晒护肤品。
感冒指数：少发，感冒机率较低，避免长期处于空调屋中。
穿衣指数：炎热，建议穿短衫、短裤等清凉夏季服装。
洗车指数：较适宜，无雨且风力较小，易保持清洁度。
运动指数：较不宜，天气炎热，建议停止高强度运动。
空气污染指数：良，气象条件有利于空气污染物扩散。
#28℃/36℃#7月19日 多云#西南风3-4级#1.gif#1.gif#28℃/37℃#7月20日 多云#西南风3-4级#1.gif#1.gif#南京简称“宁”，别名“金陵”，也曾称建业、建康、石头城等，现为江苏省省会，是长江下游西部的中心城市。它位于江苏省西部，东依宁镇山脉，地势险固，风景秀丽。诸葛亮曾对南京一带的山川形势评价说：“钟阜龙蟠，石城虎踞”。南京属北亚热带季风气候区，四季分明，年度最佳气节为秋季(9-11月)。南京是历经苍桑的十代都会。三国鼎立，她目睹群雄角逐争战；六代兴替，她阅尽王朝的曲终幕落；明初，她以举世无双的巍巍城垣显示了泱泱大国之风；晚清，她为近代中国第一个不平等条约被冠上自己的名字而蒙受辱；太平天国，历史在这里风雷激荡；辛亥革命，潮流在这里奔突迂回；抗日战争，日军在这里留下人类历史上最野蛮、最血腥的一页。景观：南京秦淮河,中山陵,玄武湖,莫愁湖,雨花台景区,明孝陵,栖霞山,南京长江大桥。南京是中国的历史文化名城之一，文化古迹比较集中，有新石器时代古文化遗址多处，有三国东吴所筑石头城遗址、南京帝王的陵墓、明代朱元璋的陵墓（明孝陵等）。名胜游览地也很多，主要有中山陵、玄武湖、灵谷寺、秦淮河和栖霞山等。革命纪念地有梅园新村、雨花台等。钟山风景区为国家第一批国家重点风景名胜区，位于南京东北郊，以钟山和玄武湖为中心，是来南京旅游的旅游者的必游之地。这一带主要景观包括中山陵、明孝陵、孙权墓和灵谷寺等。南京山、水、城、林相映成趣，景色壮丽秀美，是中国著名的风景旅游城市。#
[INFO ][2017-07-18 11:25:14]|MLog clients using log4j logging.
[INFO ][2017-07-18 11:25:15]|Initializing c3p0-0.9.1.2 [built 21-May-2007 15:04:56; debug? true; trace: 10]
[INFO ][2017-07-18 11:25:16]|AddressUtil初始化>>>>>>>>>>>>>>>>>>>>>>>>>>>>>
[INFO ][2017-07-18 11:25:16]|WeatherUtil初始化>>>>>>>>>>>>>>>>>>>>>>>>>>>>>
[INFO ][2017-07-18 11:25:16]|江苏省,南京市
[INFO ][2017-07-18 11:25:16]|南京
[INFO ][2017-07-18 11:25:17]|江苏#南京#58238#58238.jpg#2017-7-18 11:07:38#28℃/36℃#7月18日 多云#西南风3-4级#1.gif#1.gif#今日天气实况：气温：33℃；风向/风力：南风 3级；湿度：60%；紫外线强度：中等。空气质量：良。#紫外线指数：中等，涂擦SPF大于15、PA+防晒护肤品。
感冒指数：少发，感冒机率较低，避免长期处于空调屋中。
穿衣指数：炎热，建议穿短衫、短裤等清凉夏季服装。
洗车指数：较适宜，无雨且风力较小，易保持清洁度。
运动指数：较不宜，天气炎热，建议停止高强度运动。
空气污染指数：良，气象条件有利于空气污染物扩散。
#28℃/36℃#7月19日 多云#西南风3-4级#1.gif#1.gif#28℃/37℃#7月20日 多云#西南风3-4级#1.gif#1.gif#南京简称“宁”，别名“金陵”，也曾称建业、建康、石头城等，现为江苏省省会，是长江下游西部的中心城市。它位于江苏省西部，东依宁镇山脉，地势险固，风景秀丽。诸葛亮曾对南京一带的山川形势评价说：“钟阜龙蟠，石城虎踞”。南京属北亚热带季风气候区，四季分明，年度最佳气节为秋季(9-11月)。南京是历经苍桑的十代都会。三国鼎立，她目睹群雄角逐争战；六代兴替，她阅尽王朝的曲终幕落；明初，她以举世无双的巍巍城垣显示了泱泱大国之风；晚清，她为近代中国第一个不平等条约被冠上自己的名字而蒙受辱；太平天国，历史在这里风雷激荡；辛亥革命，潮流在这里奔突迂回；抗日战争，日军在这里留下人类历史上最野蛮、最血腥的一页。景观：南京秦淮河,中山陵,玄武湖,莫愁湖,雨花台景区,明孝陵,栖霞山,南京长江大桥。南京是中国的历史文化名城之一，文化古迹比较集中，有新石器时代古文化遗址多处，有三国东吴所筑石头城遗址、南京帝王的陵墓、明代朱元璋的陵墓（明孝陵等）。名胜游览地也很多，主要有中山陵、玄武湖、灵谷寺、秦淮河和栖霞山等。革命纪念地有梅园新村、雨花台等。钟山风景区为国家第一批国家重点风景名胜区，位于南京东北郊，以钟山和玄武湖为中心，是来南京旅游的旅游者的必游之地。这一带主要景观包括中山陵、明孝陵、孙权墓和灵谷寺等。南京山、水、城、林相映成趣，景色壮丽秀美，是中国著名的风景旅游城市。#
[WARN ][2017-07-18 11:25:17]|江苏
[WARN ][2017-07-18 11:25:17]|南京
[WARN ][2017-07-18 11:25:17]|58238
[WARN ][2017-07-18 11:25:17]|58238.jpg
[WARN ][2017-07-18 11:25:17]|2017-7-18 11:07:38
[WARN ][2017-07-18 11:25:17]|28℃/36℃
[WARN ][2017-07-18 11:25:17]|7月18日 多云
[WARN ][2017-07-18 11:25:17]|西南风3-4级
[WARN ][2017-07-18 11:25:17]|1.gif
[WARN ][2017-07-18 11:25:17]|1.gif
[WARN ][2017-07-18 11:25:17]|今日天气实况：气温：33℃；风向/风力：南风 3级；湿度：60%；紫外线强度：中等。空气质量：良。
[WARN ][2017-07-18 11:25:17]|紫外线指数：中等，涂擦SPF大于15、PA+防晒护肤品。
感冒指数：少发，感冒机率较低，避免长期处于空调屋中。
穿衣指数：炎热，建议穿短衫、短裤等清凉夏季服装。
洗车指数：较适宜，无雨且风力较小，易保持清洁度。
运动指数：较不宜，天气炎热，建议停止高强度运动。
空气污染指数：良，气象条件有利于空气污染物扩散。

[WARN ][2017-07-18 11:25:17]|28℃/36℃
[WARN ][2017-07-18 11:25:17]|7月19日 多云
[WARN ][2017-07-18 11:25:17]|西南风3-4级
[WARN ][2017-07-18 11:25:17]|1.gif
[WARN ][2017-07-18 11:25:17]|1.gif
[WARN ][2017-07-18 11:25:17]|28℃/37℃
[WARN ][2017-07-18 11:25:17]|7月20日 多云
[WARN ][2017-07-18 11:25:17]|西南风3-4级
[WARN ][2017-07-18 11:25:17]|1.gif
[WARN ][2017-07-18 11:25:17]|1.gif
[WARN ][2017-07-18 11:25:17]|南京简称“宁”，别名“金陵”，也曾称建业、建康、石头城等，现为江苏省省会，是长江下游西部的中心城市。它位于江苏省西部，东依宁镇山脉，地势险固，风景秀丽。诸葛亮曾对南京一带的山川形势评价说：“钟阜龙蟠，石城虎踞”。南京属北亚热带季风气候区，四季分明，年度最佳气节为秋季(9-11月)。南京是历经苍桑的十代都会。三国鼎立，她目睹群雄角逐争战；六代兴替，她阅尽王朝的曲终幕落；明初，她以举世无双的巍巍城垣显示了泱泱大国之风；晚清，她为近代中国第一个不平等条约被冠上自己的名字而蒙受辱；太平天国，历史在这里风雷激荡；辛亥革命，潮流在这里奔突迂回；抗日战争，日军在这里留下人类历史上最野蛮、最血腥的一页。景观：南京秦淮河,中山陵,玄武湖,莫愁湖,雨花台景区,明孝陵,栖霞山,南京长江大桥。南京是中国的历史文化名城之一，文化古迹比较集中，有新石器时代古文化遗址多处，有三国东吴所筑石头城遗址、南京帝王的陵墓、明代朱元璋的陵墓（明孝陵等）。名胜游览地也很多，主要有中山陵、玄武湖、灵谷寺、秦淮河和栖霞山等。革命纪念地有梅园新村、雨花台等。钟山风景区为国家第一批国家重点风景名胜区，位于南京东北郊，以钟山和玄武湖为中心，是来南京旅游的旅游者的必游之地。这一带主要景观包括中山陵、明孝陵、孙权墓和灵谷寺等。南京山、水、城、林相映成趣，景色壮丽秀美，是中国著名的风景旅游城市。
[INFO ][2017-07-18 11:47:26]|MLog clients using log4j logging.
[INFO ][2017-07-18 11:47:27]|Initializing c3p0-0.9.1.2 [built 21-May-2007 15:04:56; debug? true; trace: 10]
[INFO ][2017-07-18 11:47:28]|AddressUtil初始化>>>>>>>>>>>>>>>>>>>>>>>>>>>>>
[INFO ][2017-07-18 11:47:28]|WeatherUtil初始化>>>>>>>>>>>>>>>>>>>>>>>>>>>>>
[INFO ][2017-07-18 11:48:08]|MLog clients using log4j logging.
[INFO ][2017-07-18 11:48:09]|Initializing c3p0-0.9.1.2 [built 21-May-2007 15:04:56; debug? true; trace: 10]
[INFO ][2017-07-18 11:48:10]|AddressUtil初始化>>>>>>>>>>>>>>>>>>>>>>>>>>>>>
[INFO ][2017-07-18 11:48:10]|WeatherUtil初始化>>>>>>>>>>>>>>>>>>>>>>>>>>>>>
[INFO ][2017-07-18 11:48:10]|江苏省,南京市
[INFO ][2017-07-18 11:48:10]|南京
[INFO ][2017-07-18 11:48:11]|江苏#南京#58238#58238.jpg#2017-7-18 11:33:40#28℃/36℃#7月18日 多云#西南风3-4级#1.gif#1.gif#今日天气实况：气温：33℃；风向/风力：南风 3级；湿度：60%；紫外线强度：中等。空气质量：良。#紫外线指数：中等，涂擦SPF大于15、PA+防晒护肤品。
感冒指数：少发，感冒机率较低，避免长期处于空调屋中。
穿衣指数：炎热，建议穿短衫、短裤等清凉夏季服装。
洗车指数：较适宜，无雨且风力较小，易保持清洁度。
运动指数：较不宜，天气炎热，建议停止高强度运动。
空气污染指数：良，气象条件有利于空气污染物扩散。
#28℃/36℃#7月19日 多云#西南风3-4级#1.gif#1.gif#28℃/37℃#7月20日 多云#西南风3-4级#1.gif#1.gif#南京简称“宁”，别名“金陵”，也曾称建业、建康、石头城等，现为江苏省省会，是长江下游西部的中心城市。它位于江苏省西部，东依宁镇山脉，地势险固，风景秀丽。诸葛亮曾对南京一带的山川形势评价说：“钟阜龙蟠，石城虎踞”。南京属北亚热带季风气候区，四季分明，年度最佳气节为秋季(9-11月)。南京是历经苍桑的十代都会。三国鼎立，她目睹群雄角逐争战；六代兴替，她阅尽王朝的曲终幕落；明初，她以举世无双的巍巍城垣显示了泱泱大国之风；晚清，她为近代中国第一个不平等条约被冠上自己的名字而蒙受辱；太平天国，历史在这里风雷激荡；辛亥革命，潮流在这里奔突迂回；抗日战争，日军在这里留下人类历史上最野蛮、最血腥的一页。景观：南京秦淮河,中山陵,玄武湖,莫愁湖,雨花台景区,明孝陵,栖霞山,南京长江大桥。南京是中国的历史文化名城之一，文化古迹比较集中，有新石器时代古文化遗址多处，有三国东吴所筑石头城遗址、南京帝王的陵墓、明代朱元璋的陵墓（明孝陵等）。名胜游览地也很多，主要有中山陵、玄武湖、灵谷寺、秦淮河和栖霞山等。革命纪念地有梅园新村、雨花台等。钟山风景区为国家第一批国家重点风景名胜区，位于南京东北郊，以钟山和玄武湖为中心，是来南京旅游的旅游者的必游之地。这一带主要景观包括中山陵、明孝陵、孙权墓和灵谷寺等。南京山、水、城、林相映成趣，景色壮丽秀美，是中国著名的风景旅游城市。#
[WARN ][2017-07-18 11:48:11]|江苏
[WARN ][2017-07-18 11:48:11]|南京
[WARN ][2017-07-18 11:48:11]|58238
[WARN ][2017-07-18 11:48:11]|58238.jpg
[WARN ][2017-07-18 11:48:11]|2017-7-18 11:33:40
[WARN ][2017-07-18 11:48:11]|28℃/36℃
[WARN ][2017-07-18 11:48:11]|7月18日 多云
[WARN ][2017-07-18 11:48:11]|西南风3-4级
[WARN ][2017-07-18 11:48:11]|1.gif
[WARN ][2017-07-18 11:48:11]|1.gif
[WARN ][2017-07-18 11:48:11]|今日天气实况：气温：33℃；风向/风力：南风 3级；湿度：60%；紫外线强度：中等。空气质量：良。
[WARN ][2017-07-18 11:48:11]|紫外线指数：中等，涂擦SPF大于15、PA+防晒护肤品。
感冒指数：少发，感冒机率较低，避免长期处于空调屋中。
穿衣指数：炎热，建议穿短衫、短裤等清凉夏季服装。
洗车指数：较适宜，无雨且风力较小，易保持清洁度。
运动指数：较不宜，天气炎热，建议停止高强度运动。
空气污染指数：良，气象条件有利于空气污染物扩散。

[WARN ][2017-07-18 11:48:11]|28℃/36℃
[WARN ][2017-07-18 11:48:11]|7月19日 多云
[WARN ][2017-07-18 11:48:11]|西南风3-4级
[WARN ][2017-07-18 11:48:11]|1.gif
[WARN ][2017-07-18 11:48:11]|1.gif
[WARN ][2017-07-18 11:48:11]|28℃/37℃
[WARN ][2017-07-18 11:48:11]|7月20日 多云
[WARN ][2017-07-18 11:48:11]|西南风3-4级
[WARN ][2017-07-18 11:48:11]|1.gif
[WARN ][2017-07-18 11:48:11]|1.gif
[WARN ][2017-07-18 11:48:11]|南京简称“宁”，别名“金陵”，也曾称建业、建康、石头城等，现为江苏省省会，是长江下游西部的中心城市。它位于江苏省西部，东依宁镇山脉，地势险固，风景秀丽。诸葛亮曾对南京一带的山川形势评价说：“钟阜龙蟠，石城虎踞”。南京属北亚热带季风气候区，四季分明，年度最佳气节为秋季(9-11月)。南京是历经苍桑的十代都会。三国鼎立，她目睹群雄角逐争战；六代兴替，她阅尽王朝的曲终幕落；明初，她以举世无双的巍巍城垣显示了泱泱大国之风；晚清，她为近代中国第一个不平等条约被冠上自己的名字而蒙受辱；太平天国，历史在这里风雷激荡；辛亥革命，潮流在这里奔突迂回；抗日战争，日军在这里留下人类历史上最野蛮、最血腥的一页。景观：南京秦淮河,中山陵,玄武湖,莫愁湖,雨花台景区,明孝陵,栖霞山,南京长江大桥。南京是中国的历史文化名城之一，文化古迹比较集中，有新石器时代古文化遗址多处，有三国东吴所筑石头城遗址、南京帝王的陵墓、明代朱元璋的陵墓（明孝陵等）。名胜游览地也很多，主要有中山陵、玄武湖、灵谷寺、秦淮河和栖霞山等。革命纪念地有梅园新村、雨花台等。钟山风景区为国家第一批国家重点风景名胜区，位于南京东北郊，以钟山和玄武湖为中心，是来南京旅游的旅游者的必游之地。这一带主要景观包括中山陵、明孝陵、孙权墓和灵谷寺等。南京山、水、城、林相映成趣，景色壮丽秀美，是中国著名的风景旅游城市。
[INFO ][2017-07-18 11:49:19]|MLog clients using log4j logging.
[INFO ][2017-07-18 11:49:20]|Initializing c3p0-0.9.1.2 [built 21-May-2007 15:04:56; debug? true; trace: 10]
[INFO ][2017-07-18 11:49:21]|AddressUtil初始化>>>>>>>>>>>>>>>>>>>>>>>>>>>>>
[INFO ][2017-07-18 11:49:21]|WeatherUtil初始化>>>>>>>>>>>>>>>>>>>>>>>>>>>>>
[INFO ][2017-07-18 11:49:22]|江苏省,南京市
[INFO ][2017-07-18 11:49:22]|南京
[INFO ][2017-07-18 11:49:22]|江苏#南京#58238#58238.jpg#2017-7-18 11:33:40#28℃/36℃#7月18日 多云#西南风3-4级#1.gif#1.gif#今日天气实况：气温：33℃；风向/风力：南风 3级；湿度：60%；紫外线强度：中等。空气质量：良。#紫外线指数：中等，涂擦SPF大于15、PA+防晒护肤品。
感冒指数：少发，感冒机率较低，避免长期处于空调屋中。
穿衣指数：炎热，建议穿短衫、短裤等清凉夏季服装。
洗车指数：较适宜，无雨且风力较小，易保持清洁度。
运动指数：较不宜，天气炎热，建议停止高强度运动。
空气污染指数：良，气象条件有利于空气污染物扩散。
#28℃/36℃#7月19日 多云#西南风3-4级#1.gif#1.gif#28℃/37℃#7月20日 多云#西南风3-4级#1.gif#1.gif#南京简称“宁”，别名“金陵”，也曾称建业、建康、石头城等，现为江苏省省会，是长江下游西部的中心城市。它位于江苏省西部，东依宁镇山脉，地势险固，风景秀丽。诸葛亮曾对南京一带的山川形势评价说：“钟阜龙蟠，石城虎踞”。南京属北亚热带季风气候区，四季分明，年度最佳气节为秋季(9-11月)。南京是历经苍桑的十代都会。三国鼎立，她目睹群雄角逐争战；六代兴替，她阅尽王朝的曲终幕落；明初，她以举世无双的巍巍城垣显示了泱泱大国之风；晚清，她为近代中国第一个不平等条约被冠上自己的名字而蒙受辱；太平天国，历史在这里风雷激荡；辛亥革命，潮流在这里奔突迂回；抗日战争，日军在这里留下人类历史上最野蛮、最血腥的一页。景观：南京秦淮河,中山陵,玄武湖,莫愁湖,雨花台景区,明孝陵,栖霞山,南京长江大桥。南京是中国的历史文化名城之一，文化古迹比较集中，有新石器时代古文化遗址多处，有三国东吴所筑石头城遗址、南京帝王的陵墓、明代朱元璋的陵墓（明孝陵等）。名胜游览地也很多，主要有中山陵、玄武湖、灵谷寺、秦淮河和栖霞山等。革命纪念地有梅园新村、雨花台等。钟山风景区为国家第一批国家重点风景名胜区，位于南京东北郊，以钟山和玄武湖为中心，是来南京旅游的旅游者的必游之地。这一带主要景观包括中山陵、明孝陵、孙权墓和灵谷寺等。南京山、水、城、林相映成趣，景色壮丽秀美，是中国著名的风景旅游城市。#
[WARN ][2017-07-18 11:49:22]|江苏
[WARN ][2017-07-18 11:49:22]|南京
[WARN ][2017-07-18 11:49:22]|58238
[WARN ][2017-07-18 11:49:22]|58238.jpg
[WARN ][2017-07-18 11:49:22]|2017-7-18 11:33:40
[WARN ][2017-07-18 11:49:22]|28℃/36℃
[WARN ][2017-07-18 11:49:22]|7月18日 多云
[WARN ][2017-07-18 11:49:22]|西南风3-4级
[WARN ][2017-07-18 11:49:22]|1.gif
[WARN ][2017-07-18 11:49:22]|1.gif
[WARN ][2017-07-18 11:49:22]|今日天气实况：气温：33℃；风向/风力：南风 3级；湿度：60%；紫外线强度：中等。空气质量：良。
[WARN ][2017-07-18 11:49:22]|紫外线指数：中等，涂擦SPF大于15、PA+防晒护肤品。
感冒指数：少发，感冒机率较低，避免长期处于空调屋中。
穿衣指数：炎热，建议穿短衫、短裤等清凉夏季服装。
洗车指数：较适宜，无雨且风力较小，易保持清洁度。
运动指数：较不宜，天气炎热，建议停止高强度运动。
空气污染指数：良，气象条件有利于空气污染物扩散。

[WARN ][2017-07-18 11:49:22]|28℃/36℃
[WARN ][2017-07-18 11:49:22]|7月19日 多云
[WARN ][2017-07-18 11:49:22]|西南风3-4级
[WARN ][2017-07-18 11:49:22]|1.gif
[WARN ][2017-07-18 11:49:22]|1.gif
[WARN ][2017-07-18 11:49:22]|28℃/37℃
[WARN ][2017-07-18 11:49:22]|7月20日 多云
[WARN ][2017-07-18 11:49:22]|西南风3-4级
[WARN ][2017-07-18 11:49:22]|1.gif
[WARN ][2017-07-18 11:49:22]|1.gif
[WARN ][2017-07-18 11:49:22]|南京简称“宁”，别名“金陵”，也曾称建业、建康、石头城等，现为江苏省省会，是长江下游西部的中心城市。它位于江苏省西部，东依宁镇山脉，地势险固，风景秀丽。诸葛亮曾对南京一带的山川形势评价说：“钟阜龙蟠，石城虎踞”。南京属北亚热带季风气候区，四季分明，年度最佳气节为秋季(9-11月)。南京是历经苍桑的十代都会。三国鼎立，她目睹群雄角逐争战；六代兴替，她阅尽王朝的曲终幕落；明初，她以举世无双的巍巍城垣显示了泱泱大国之风；晚清，她为近代中国第一个不平等条约被冠上自己的名字而蒙受辱；太平天国，历史在这里风雷激荡；辛亥革命，潮流在这里奔突迂回；抗日战争，日军在这里留下人类历史上最野蛮、最血腥的一页。景观：南京秦淮河,中山陵,玄武湖,莫愁湖,雨花台景区,明孝陵,栖霞山,南京长江大桥。南京是中国的历史文化名城之一，文化古迹比较集中，有新石器时代古文化遗址多处，有三国东吴所筑石头城遗址、南京帝王的陵墓、明代朱元璋的陵墓（明孝陵等）。名胜游览地也很多，主要有中山陵、玄武湖、灵谷寺、秦淮河和栖霞山等。革命纪念地有梅园新村、雨花台等。钟山风景区为国家第一批国家重点风景名胜区，位于南京东北郊，以钟山和玄武湖为中心，是来南京旅游的旅游者的必游之地。这一带主要景观包括中山陵、明孝陵、孙权墓和灵谷寺等。南京山、水、城、林相映成趣，景色壮丽秀美，是中国著名的风景旅游城市。
[INFO ][2017-07-19 11:32:56]|AddressUtil初始化>>>>>>>>>>>>>>>>>>>>>>>>>>>>>
[INFO ][2017-07-19 11:33:55]|AddressUtil初始化>>>>>>>>>>>>>>>>>>>>>>>>>>>>>
[INFO ][2017-07-19 11:34:25]|WeatherUtil初始化>>>>>>>>>>>>>>>>>>>>>>>>>>>>>
[INFO ][2017-07-19 11:34:42]|AddressUtil初始化>>>>>>>>>>>>>>>>>>>>>>>>>>>>>
